2022-05-21 00:14:01 [restartedMain] INFO c.s.h.HappyhouseApplication - Starting HappyhouseApplication using Java 1.8.0_312 on DESKTOP-4NPAT8D with PID 4632 (C:\Users\chl13\Desktop\Final\HappyHouse-master\BackEnd\bin\main started by chl13 in C:\Users\chl13\Desktop\Final\HappyHouse-master\BackEnd) 
2022-05-21 00:14:01 [restartedMain] INFO c.s.h.HappyhouseApplication - No active profile set, falling back to default profiles: default 
2022-05-21 00:14:01 [restartedMain] INFO o.s.b.d.e.DevToolsPropertyDefaultsPostProcessor - Devtools property defaults active! Set 'spring.devtools.add-properties' to 'false' to disable 
2022-05-21 00:14:01 [restartedMain] INFO o.s.b.d.e.DevToolsPropertyDefaultsPostProcessor - For additional web related logging consider setting the 'logging.level.web' property to 'DEBUG' 
2022-05-21 00:14:02 [restartedMain] INFO o.s.b.w.e.t.TomcatWebServer - Tomcat initialized with port(s): 8080 (http) 
2022-05-21 00:14:02 [restartedMain] INFO o.a.c.h.Http11NioProtocol - Initializing ProtocolHandler ["http-nio-8080"] 
2022-05-21 00:14:02 [restartedMain] INFO o.a.c.c.StandardService - Starting service [Tomcat] 
2022-05-21 00:14:02 [restartedMain] INFO o.a.c.c.StandardEngine - Starting Servlet engine: [Apache Tomcat/9.0.54] 
2022-05-21 00:14:02 [restartedMain] INFO o.a.c.c.C.[.[.[/] - Initializing Spring embedded WebApplicationContext 
2022-05-21 00:14:02 [restartedMain] INFO o.s.b.w.s.c.ServletWebServerApplicationContext - Root WebApplicationContext: initialization completed in 1118 ms 
2022-05-21 00:14:03 [restartedMain] INFO c.s.h.c.LoggerAspect - LoggerAspect : Before class com.ssafy.happyhouse.config.WebMvcConfig$$EnhancerBySpringCGLIB$$216c3163.addInterceptors() 
2022-05-21 00:14:03 [restartedMain] INFO c.s.h.c.LoggerAspect - LoggerAspect : After class com.ssafy.happyhouse.config.WebMvcConfig$$EnhancerBySpringCGLIB$$216c3163.addInterceptors() 
2022-05-21 00:14:03 [restartedMain] INFO o.s.b.d.a.OptionalLiveReloadServer - LiveReload server is running on port 35729 
2022-05-21 00:14:03 [restartedMain] INFO o.a.c.h.Http11NioProtocol - Starting ProtocolHandler ["http-nio-8080"] 
2022-05-21 00:14:03 [restartedMain] INFO o.s.b.w.e.t.TomcatWebServer - Tomcat started on port(s): 8080 (http) with context path '' 
2022-05-21 00:14:03 [restartedMain] INFO c.s.h.HappyhouseApplication - Started HappyhouseApplication in 2.404 seconds (JVM running for 3.593) 
2022-05-21 00:14:03 [http-nio-8080-exec-1] INFO o.a.c.c.C.[.[.[/] - Initializing Spring DispatcherServlet 'dispatcherServlet' 
2022-05-21 00:14:03 [http-nio-8080-exec-1] INFO o.s.w.s.DispatcherServlet - Initializing Servlet 'dispatcherServlet' 
2022-05-21 00:14:03 [http-nio-8080-exec-1] INFO o.s.w.s.DispatcherServlet - Completed initialization in 1 ms 
2022-05-21 00:14:03 [http-nio-8080-exec-1] INFO c.s.h.c.LoggerAspect - LoggerAspect : Before class com.ssafy.happyhouse.controller.BoardController.boardList() 
2022-05-21 00:14:03 [http-nio-8080-exec-1] INFO c.s.h.c.LoggerAspect - LoggerAspect : Before class com.ssafy.happyhouse.service.BoardServiceImpl.boardList() 
2022-05-21 00:14:03 [http-nio-8080-exec-1] INFO c.s.h.c.LoggerAspect - LoggerAspect : Before class com.sun.proxy.$Proxy73.boardList() 
2022-05-21 00:14:03 [http-nio-8080-exec-1] INFO c.z.h.HikariDataSource - HikariPool-1 - Starting... 
2022-05-21 00:14:03 [http-nio-8080-exec-1] INFO c.z.h.HikariDataSource - HikariPool-1 - Start completed. 
2022-05-21 00:14:04 [http-nio-8080-exec-1] INFO c.s.h.c.LoggerAspect - LoggerAspect : After class com.sun.proxy.$Proxy73.boardList() 
2022-05-21 00:14:04 [http-nio-8080-exec-1] INFO c.s.h.c.LoggerAspect - LoggerAspect : Before class com.sun.proxy.$Proxy73.boardListTotalCount() 
2022-05-21 00:14:04 [http-nio-8080-exec-1] INFO c.s.h.c.LoggerAspect - LoggerAspect : After class com.sun.proxy.$Proxy73.boardListTotalCount() 
2022-05-21 00:14:04 [http-nio-8080-exec-1] INFO c.s.h.c.LoggerAspect - LoggerAspect : After class com.ssafy.happyhouse.service.BoardServiceImpl.boardList() 
2022-05-21 00:14:04 [http-nio-8080-exec-1] INFO c.s.h.c.LoggerAspect - LoggerAspect : After class com.ssafy.happyhouse.controller.BoardController.boardList() 
2022-05-21 00:14:04 [http-nio-8080-exec-2] INFO c.s.h.c.LoggerAspect - LoggerAspect : Before class com.ssafy.happyhouse.controller.BoardController.boardList() 
2022-05-21 00:14:04 [http-nio-8080-exec-2] INFO c.s.h.c.LoggerAspect - LoggerAspect : Before class com.ssafy.happyhouse.service.BoardServiceImpl.boardList() 
2022-05-21 00:14:04 [http-nio-8080-exec-2] INFO c.s.h.c.LoggerAspect - LoggerAspect : Before class com.sun.proxy.$Proxy73.boardList() 
2022-05-21 00:14:04 [http-nio-8080-exec-2] INFO c.s.h.c.LoggerAspect - LoggerAspect : After class com.sun.proxy.$Proxy73.boardList() 
2022-05-21 00:14:04 [http-nio-8080-exec-2] INFO c.s.h.c.LoggerAspect - LoggerAspect : Before class com.sun.proxy.$Proxy73.boardListTotalCount() 
2022-05-21 00:14:04 [http-nio-8080-exec-2] INFO c.s.h.c.LoggerAspect - LoggerAspect : After class com.sun.proxy.$Proxy73.boardListTotalCount() 
2022-05-21 00:14:04 [http-nio-8080-exec-2] INFO c.s.h.c.LoggerAspect - LoggerAspect : After class com.ssafy.happyhouse.service.BoardServiceImpl.boardList() 
2022-05-21 00:14:04 [http-nio-8080-exec-2] INFO c.s.h.c.LoggerAspect - LoggerAspect : After class com.ssafy.happyhouse.controller.BoardController.boardList() 
2022-05-21 00:15:18 [http-nio-8080-exec-6] INFO c.s.h.c.LoggerAspect - LoggerAspect : Before class com.ssafy.happyhouse.controller.LoginController.login() 
2022-05-21 00:15:18 [http-nio-8080-exec-6] INFO c.s.h.c.LoggerAspect - LoggerAspect : Before class com.ssafy.happyhouse.service.LoginServiceImpl.login() 
2022-05-21 00:15:18 [http-nio-8080-exec-6] INFO c.s.h.c.LoggerAspect - LoggerAspect : Before class com.sun.proxy.$Proxy79.login() 
2022-05-21 00:15:18 [http-nio-8080-exec-6] INFO c.s.h.c.LoggerAspect - LoggerAspect : After class com.sun.proxy.$Proxy79.login() 
2022-05-21 00:15:18 [http-nio-8080-exec-6] INFO c.s.h.c.LoggerAspect - LoggerAspect : After class com.ssafy.happyhouse.service.LoginServiceImpl.login() 
2022-05-21 00:15:18 [http-nio-8080-exec-6] INFO c.s.h.c.LoggerAspect - LoggerAspect : After class com.ssafy.happyhouse.controller.LoginController.login() 
2022-05-21 00:15:21 [http-nio-8080-exec-7] INFO c.s.h.c.LoggerAspect - LoggerAspect : Before class com.ssafy.happyhouse.controller.BoardController.boardList() 
2022-05-21 00:15:21 [http-nio-8080-exec-7] INFO c.s.h.c.LoggerAspect - LoggerAspect : Before class com.ssafy.happyhouse.service.BoardServiceImpl.boardList() 
2022-05-21 00:15:21 [http-nio-8080-exec-7] INFO c.s.h.c.LoggerAspect - LoggerAspect : Before class com.sun.proxy.$Proxy73.boardList() 
2022-05-21 00:15:21 [http-nio-8080-exec-7] INFO c.s.h.c.LoggerAspect - LoggerAspect : After class com.sun.proxy.$Proxy73.boardList() 
2022-05-21 00:15:21 [http-nio-8080-exec-7] INFO c.s.h.c.LoggerAspect - LoggerAspect : Before class com.sun.proxy.$Proxy73.boardListTotalCount() 
2022-05-21 00:15:21 [http-nio-8080-exec-7] INFO c.s.h.c.LoggerAspect - LoggerAspect : After class com.sun.proxy.$Proxy73.boardListTotalCount() 
2022-05-21 00:15:21 [http-nio-8080-exec-7] INFO c.s.h.c.LoggerAspect - LoggerAspect : After class com.ssafy.happyhouse.service.BoardServiceImpl.boardList() 
2022-05-21 00:15:21 [http-nio-8080-exec-7] INFO c.s.h.c.LoggerAspect - LoggerAspect : After class com.ssafy.happyhouse.controller.BoardController.boardList() 
2022-05-21 00:15:21 [http-nio-8080-exec-8] INFO c.s.h.c.LoggerAspect - LoggerAspect : Before class com.ssafy.happyhouse.controller.BoardController.boardList() 
2022-05-21 00:15:21 [http-nio-8080-exec-8] INFO c.s.h.c.LoggerAspect - LoggerAspect : Before class com.ssafy.happyhouse.service.BoardServiceImpl.boardList() 
2022-05-21 00:15:21 [http-nio-8080-exec-8] INFO c.s.h.c.LoggerAspect - LoggerAspect : Before class com.sun.proxy.$Proxy73.boardList() 
2022-05-21 00:15:21 [http-nio-8080-exec-8] INFO c.s.h.c.LoggerAspect - LoggerAspect : After class com.sun.proxy.$Proxy73.boardList() 
2022-05-21 00:15:21 [http-nio-8080-exec-8] INFO c.s.h.c.LoggerAspect - LoggerAspect : Before class com.sun.proxy.$Proxy73.boardListTotalCount() 
2022-05-21 00:15:21 [http-nio-8080-exec-8] INFO c.s.h.c.LoggerAspect - LoggerAspect : After class com.sun.proxy.$Proxy73.boardListTotalCount() 
2022-05-21 00:15:21 [http-nio-8080-exec-8] INFO c.s.h.c.LoggerAspect - LoggerAspect : After class com.ssafy.happyhouse.service.BoardServiceImpl.boardList() 
2022-05-21 00:15:21 [http-nio-8080-exec-8] INFO c.s.h.c.LoggerAspect - LoggerAspect : After class com.ssafy.happyhouse.controller.BoardController.boardList() 
2022-05-21 00:15:22 [http-nio-8080-exec-9] INFO c.s.h.c.LoggerAspect - LoggerAspect : Before class com.ssafy.happyhouse.controller.BoardController.boardDetail() 
2022-05-21 00:15:22 [http-nio-8080-exec-9] INFO c.s.h.c.LoggerAspect - LoggerAspect : Before class com.ssafy.happyhouse.service.BoardServiceImpl.boardDetail() 
2022-05-21 00:15:22 [http-nio-8080-exec-9] INFO c.s.h.c.LoggerAspect - LoggerAspect : Before class com.sun.proxy.$Proxy73.boardUserReadCount() 
2022-05-21 00:15:22 [http-nio-8080-exec-9] INFO c.s.h.c.LoggerAspect - LoggerAspect : After class com.sun.proxy.$Proxy73.boardUserReadCount() 
2022-05-21 00:15:22 [http-nio-8080-exec-9] INFO c.s.h.c.LoggerAspect - LoggerAspect : Before class com.sun.proxy.$Proxy73.boardDetail() 
2022-05-21 00:15:22 [http-nio-8080-exec-9] INFO c.s.h.c.LoggerAspect - LoggerAspect : After class com.sun.proxy.$Proxy73.boardDetail() 
2022-05-21 00:15:22 [http-nio-8080-exec-9] INFO c.s.h.c.LoggerAspect - LoggerAspect : Before class com.sun.proxy.$Proxy73.boardDetailFileList() 
2022-05-21 00:15:22 [http-nio-8080-exec-9] INFO c.s.h.c.LoggerAspect - LoggerAspect : After class com.sun.proxy.$Proxy73.boardDetailFileList() 
2022-05-21 00:15:22 [http-nio-8080-exec-9] INFO c.s.h.c.LoggerAspect - LoggerAspect : After class com.ssafy.happyhouse.service.BoardServiceImpl.boardDetail() 
2022-05-21 00:15:22 [http-nio-8080-exec-9] INFO c.s.h.c.LoggerAspect - LoggerAspect : After class com.ssafy.happyhouse.controller.BoardController.boardDetail() 
2022-05-21 00:15:22 [http-nio-8080-exec-10] INFO c.s.h.c.LoggerAspect - LoggerAspect : Before class com.ssafy.happyhouse.controller.BoardController.boardList() 
2022-05-21 00:15:22 [http-nio-8080-exec-10] INFO c.s.h.c.LoggerAspect - LoggerAspect : Before class com.ssafy.happyhouse.service.BoardServiceImpl.boardList() 
2022-05-21 00:15:22 [http-nio-8080-exec-10] INFO c.s.h.c.LoggerAspect - LoggerAspect : Before class com.sun.proxy.$Proxy73.boardList() 
2022-05-21 00:15:22 [http-nio-8080-exec-10] INFO c.s.h.c.LoggerAspect - LoggerAspect : After class com.sun.proxy.$Proxy73.boardList() 
2022-05-21 00:15:22 [http-nio-8080-exec-10] INFO c.s.h.c.LoggerAspect - LoggerAspect : Before class com.sun.proxy.$Proxy73.boardListTotalCount() 
2022-05-21 00:15:22 [http-nio-8080-exec-10] INFO c.s.h.c.LoggerAspect - LoggerAspect : After class com.sun.proxy.$Proxy73.boardListTotalCount() 
2022-05-21 00:15:22 [http-nio-8080-exec-10] INFO c.s.h.c.LoggerAspect - LoggerAspect : After class com.ssafy.happyhouse.service.BoardServiceImpl.boardList() 
2022-05-21 00:15:22 [http-nio-8080-exec-10] INFO c.s.h.c.LoggerAspect - LoggerAspect : After class com.ssafy.happyhouse.controller.BoardController.boardList() 
2022-05-21 00:15:29 [http-nio-8080-exec-1] INFO c.s.h.c.LoggerAspect - LoggerAspect : Before class com.ssafy.happyhouse.controller.BoardController.boardDetail() 
2022-05-21 00:15:29 [http-nio-8080-exec-1] INFO c.s.h.c.LoggerAspect - LoggerAspect : Before class com.ssafy.happyhouse.service.BoardServiceImpl.boardDetail() 
2022-05-21 00:15:29 [http-nio-8080-exec-1] INFO c.s.h.c.LoggerAspect - LoggerAspect : Before class com.sun.proxy.$Proxy73.boardUserReadCount() 
2022-05-21 00:15:29 [http-nio-8080-exec-1] INFO c.s.h.c.LoggerAspect - LoggerAspect : After class com.sun.proxy.$Proxy73.boardUserReadCount() 
2022-05-21 00:15:29 [http-nio-8080-exec-1] INFO c.s.h.c.LoggerAspect - LoggerAspect : Before class com.sun.proxy.$Proxy73.boardDetail() 
2022-05-21 00:15:29 [http-nio-8080-exec-1] INFO c.s.h.c.LoggerAspect - LoggerAspect : After class com.sun.proxy.$Proxy73.boardDetail() 
2022-05-21 00:15:29 [http-nio-8080-exec-1] INFO c.s.h.c.LoggerAspect - LoggerAspect : Before class com.sun.proxy.$Proxy73.boardDetailFileList() 
2022-05-21 00:15:29 [http-nio-8080-exec-1] INFO c.s.h.c.LoggerAspect - LoggerAspect : After class com.sun.proxy.$Proxy73.boardDetailFileList() 
2022-05-21 00:15:29 [http-nio-8080-exec-1] INFO c.s.h.c.LoggerAspect - LoggerAspect : After class com.ssafy.happyhouse.service.BoardServiceImpl.boardDetail() 
2022-05-21 00:15:29 [http-nio-8080-exec-1] INFO c.s.h.c.LoggerAspect - LoggerAspect : After class com.ssafy.happyhouse.controller.BoardController.boardDetail() 
2022-05-21 00:15:29 [http-nio-8080-exec-2] INFO c.s.h.c.LoggerAspect - LoggerAspect : Before class com.ssafy.happyhouse.controller.BoardController.boardList() 
2022-05-21 00:15:29 [http-nio-8080-exec-2] INFO c.s.h.c.LoggerAspect - LoggerAspect : Before class com.ssafy.happyhouse.service.BoardServiceImpl.boardList() 
2022-05-21 00:15:29 [http-nio-8080-exec-2] INFO c.s.h.c.LoggerAspect - LoggerAspect : Before class com.sun.proxy.$Proxy73.boardList() 
2022-05-21 00:15:29 [http-nio-8080-exec-2] INFO c.s.h.c.LoggerAspect - LoggerAspect : After class com.sun.proxy.$Proxy73.boardList() 
2022-05-21 00:15:29 [http-nio-8080-exec-2] INFO c.s.h.c.LoggerAspect - LoggerAspect : Before class com.sun.proxy.$Proxy73.boardListTotalCount() 
2022-05-21 00:15:29 [http-nio-8080-exec-2] INFO c.s.h.c.LoggerAspect - LoggerAspect : After class com.sun.proxy.$Proxy73.boardListTotalCount() 
2022-05-21 00:15:29 [http-nio-8080-exec-2] INFO c.s.h.c.LoggerAspect - LoggerAspect : After class com.ssafy.happyhouse.service.BoardServiceImpl.boardList() 
2022-05-21 00:15:29 [http-nio-8080-exec-2] INFO c.s.h.c.LoggerAspect - LoggerAspect : After class com.ssafy.happyhouse.controller.BoardController.boardList() 
2022-05-21 00:15:37 [http-nio-8080-exec-4] INFO c.s.h.c.LoggerAspect - LoggerAspect : Before class com.ssafy.happyhouse.controller.BoardController.boardDetail() 
2022-05-21 00:15:37 [http-nio-8080-exec-4] INFO c.s.h.c.LoggerAspect - LoggerAspect : Before class com.ssafy.happyhouse.service.BoardServiceImpl.boardDetail() 
2022-05-21 00:15:37 [http-nio-8080-exec-4] INFO c.s.h.c.LoggerAspect - LoggerAspect : Before class com.sun.proxy.$Proxy73.boardUserReadCount() 
2022-05-21 00:15:37 [http-nio-8080-exec-4] INFO c.s.h.c.LoggerAspect - LoggerAspect : After class com.sun.proxy.$Proxy73.boardUserReadCount() 
2022-05-21 00:15:37 [http-nio-8080-exec-4] INFO c.s.h.c.LoggerAspect - LoggerAspect : Before class com.sun.proxy.$Proxy73.boardDetail() 
2022-05-21 00:15:37 [http-nio-8080-exec-4] INFO c.s.h.c.LoggerAspect - LoggerAspect : After class com.sun.proxy.$Proxy73.boardDetail() 
2022-05-21 00:15:37 [http-nio-8080-exec-4] INFO c.s.h.c.LoggerAspect - LoggerAspect : Before class com.sun.proxy.$Proxy73.boardDetailFileList() 
2022-05-21 00:15:37 [http-nio-8080-exec-4] INFO c.s.h.c.LoggerAspect - LoggerAspect : After class com.sun.proxy.$Proxy73.boardDetailFileList() 
2022-05-21 00:15:37 [http-nio-8080-exec-4] INFO c.s.h.c.LoggerAspect - LoggerAspect : After class com.ssafy.happyhouse.service.BoardServiceImpl.boardDetail() 
2022-05-21 00:15:37 [http-nio-8080-exec-4] INFO c.s.h.c.LoggerAspect - LoggerAspect : After class com.ssafy.happyhouse.controller.BoardController.boardDetail() 
2022-05-21 00:15:37 [http-nio-8080-exec-3] INFO c.s.h.c.LoggerAspect - LoggerAspect : Before class com.ssafy.happyhouse.controller.BoardController.boardList() 
2022-05-21 00:15:37 [http-nio-8080-exec-3] INFO c.s.h.c.LoggerAspect - LoggerAspect : Before class com.ssafy.happyhouse.service.BoardServiceImpl.boardList() 
2022-05-21 00:15:37 [http-nio-8080-exec-3] INFO c.s.h.c.LoggerAspect - LoggerAspect : Before class com.sun.proxy.$Proxy73.boardList() 
2022-05-21 00:15:37 [http-nio-8080-exec-3] INFO c.s.h.c.LoggerAspect - LoggerAspect : After class com.sun.proxy.$Proxy73.boardList() 
2022-05-21 00:15:37 [http-nio-8080-exec-3] INFO c.s.h.c.LoggerAspect - LoggerAspect : Before class com.sun.proxy.$Proxy73.boardListTotalCount() 
2022-05-21 00:15:37 [http-nio-8080-exec-3] INFO c.s.h.c.LoggerAspect - LoggerAspect : After class com.sun.proxy.$Proxy73.boardListTotalCount() 
2022-05-21 00:15:37 [http-nio-8080-exec-3] INFO c.s.h.c.LoggerAspect - LoggerAspect : After class com.ssafy.happyhouse.service.BoardServiceImpl.boardList() 
2022-05-21 00:15:37 [http-nio-8080-exec-3] INFO c.s.h.c.LoggerAspect - LoggerAspect : After class com.ssafy.happyhouse.controller.BoardController.boardList() 
2022-05-21 00:15:46 [http-nio-8080-exec-5] INFO c.s.h.c.LoggerAspect - LoggerAspect : Before class com.ssafy.happyhouse.controller.BoardController.boardDetail() 
2022-05-21 00:15:46 [http-nio-8080-exec-5] INFO c.s.h.c.LoggerAspect - LoggerAspect : Before class com.ssafy.happyhouse.service.BoardServiceImpl.boardDetail() 
2022-05-21 00:15:46 [http-nio-8080-exec-5] INFO c.s.h.c.LoggerAspect - LoggerAspect : Before class com.sun.proxy.$Proxy73.boardUserReadCount() 
2022-05-21 00:15:46 [http-nio-8080-exec-5] INFO c.s.h.c.LoggerAspect - LoggerAspect : After class com.sun.proxy.$Proxy73.boardUserReadCount() 
2022-05-21 00:15:46 [http-nio-8080-exec-5] INFO c.s.h.c.LoggerAspect - LoggerAspect : Before class com.sun.proxy.$Proxy73.boardDetail() 
2022-05-21 00:15:46 [http-nio-8080-exec-5] INFO c.s.h.c.LoggerAspect - LoggerAspect : After class com.sun.proxy.$Proxy73.boardDetail() 
2022-05-21 00:15:46 [http-nio-8080-exec-5] INFO c.s.h.c.LoggerAspect - LoggerAspect : Before class com.sun.proxy.$Proxy73.boardDetailFileList() 
2022-05-21 00:15:46 [http-nio-8080-exec-5] INFO c.s.h.c.LoggerAspect - LoggerAspect : After class com.sun.proxy.$Proxy73.boardDetailFileList() 
2022-05-21 00:15:46 [http-nio-8080-exec-5] INFO c.s.h.c.LoggerAspect - LoggerAspect : After class com.ssafy.happyhouse.service.BoardServiceImpl.boardDetail() 
2022-05-21 00:15:46 [http-nio-8080-exec-5] INFO c.s.h.c.LoggerAspect - LoggerAspect : After class com.ssafy.happyhouse.controller.BoardController.boardDetail() 
2022-05-21 00:15:46 [http-nio-8080-exec-6] INFO c.s.h.c.LoggerAspect - LoggerAspect : Before class com.ssafy.happyhouse.controller.BoardController.boardList() 
2022-05-21 00:15:46 [http-nio-8080-exec-6] INFO c.s.h.c.LoggerAspect - LoggerAspect : Before class com.ssafy.happyhouse.service.BoardServiceImpl.boardList() 
2022-05-21 00:15:46 [http-nio-8080-exec-6] INFO c.s.h.c.LoggerAspect - LoggerAspect : Before class com.sun.proxy.$Proxy73.boardList() 
2022-05-21 00:15:46 [http-nio-8080-exec-6] INFO c.s.h.c.LoggerAspect - LoggerAspect : After class com.sun.proxy.$Proxy73.boardList() 
2022-05-21 00:15:46 [http-nio-8080-exec-6] INFO c.s.h.c.LoggerAspect - LoggerAspect : Before class com.sun.proxy.$Proxy73.boardListTotalCount() 
2022-05-21 00:15:46 [http-nio-8080-exec-6] INFO c.s.h.c.LoggerAspect - LoggerAspect : After class com.sun.proxy.$Proxy73.boardListTotalCount() 
2022-05-21 00:15:46 [http-nio-8080-exec-6] INFO c.s.h.c.LoggerAspect - LoggerAspect : After class com.ssafy.happyhouse.service.BoardServiceImpl.boardList() 
2022-05-21 00:15:46 [http-nio-8080-exec-6] INFO c.s.h.c.LoggerAspect - LoggerAspect : After class com.ssafy.happyhouse.controller.BoardController.boardList() 
2022-05-21 00:16:28 [http-nio-8080-exec-8] INFO c.s.h.c.LoggerAspect - LoggerAspect : Before class com.ssafy.happyhouse.controller.BoardController.boardDetail() 
2022-05-21 00:16:28 [http-nio-8080-exec-8] INFO c.s.h.c.LoggerAspect - LoggerAspect : Before class com.ssafy.happyhouse.service.BoardServiceImpl.boardDetail() 
2022-05-21 00:16:28 [http-nio-8080-exec-8] INFO c.s.h.c.LoggerAspect - LoggerAspect : Before class com.sun.proxy.$Proxy73.boardUserReadCount() 
2022-05-21 00:16:28 [http-nio-8080-exec-8] INFO c.s.h.c.LoggerAspect - LoggerAspect : After class com.sun.proxy.$Proxy73.boardUserReadCount() 
2022-05-21 00:16:28 [http-nio-8080-exec-8] INFO c.s.h.c.LoggerAspect - LoggerAspect : Before class com.sun.proxy.$Proxy73.boardDetail() 
2022-05-21 00:16:28 [http-nio-8080-exec-8] INFO c.s.h.c.LoggerAspect - LoggerAspect : After class com.sun.proxy.$Proxy73.boardDetail() 
2022-05-21 00:16:28 [http-nio-8080-exec-8] INFO c.s.h.c.LoggerAspect - LoggerAspect : Before class com.sun.proxy.$Proxy73.boardDetailFileList() 
2022-05-21 00:16:28 [http-nio-8080-exec-8] INFO c.s.h.c.LoggerAspect - LoggerAspect : After class com.sun.proxy.$Proxy73.boardDetailFileList() 
2022-05-21 00:16:28 [http-nio-8080-exec-8] INFO c.s.h.c.LoggerAspect - LoggerAspect : After class com.ssafy.happyhouse.service.BoardServiceImpl.boardDetail() 
2022-05-21 00:16:28 [http-nio-8080-exec-8] INFO c.s.h.c.LoggerAspect - LoggerAspect : After class com.ssafy.happyhouse.controller.BoardController.boardDetail() 
2022-05-21 00:16:28 [http-nio-8080-exec-9] INFO c.s.h.c.LoggerAspect - LoggerAspect : Before class com.ssafy.happyhouse.controller.BoardController.boardList() 
2022-05-21 00:16:28 [http-nio-8080-exec-9] INFO c.s.h.c.LoggerAspect - LoggerAspect : Before class com.ssafy.happyhouse.service.BoardServiceImpl.boardList() 
2022-05-21 00:16:28 [http-nio-8080-exec-9] INFO c.s.h.c.LoggerAspect - LoggerAspect : Before class com.sun.proxy.$Proxy73.boardList() 
2022-05-21 00:16:28 [http-nio-8080-exec-9] INFO c.s.h.c.LoggerAspect - LoggerAspect : After class com.sun.proxy.$Proxy73.boardList() 
2022-05-21 00:16:28 [http-nio-8080-exec-9] INFO c.s.h.c.LoggerAspect - LoggerAspect : Before class com.sun.proxy.$Proxy73.boardListTotalCount() 
2022-05-21 00:16:28 [http-nio-8080-exec-9] INFO c.s.h.c.LoggerAspect - LoggerAspect : After class com.sun.proxy.$Proxy73.boardListTotalCount() 
2022-05-21 00:16:28 [http-nio-8080-exec-9] INFO c.s.h.c.LoggerAspect - LoggerAspect : After class com.ssafy.happyhouse.service.BoardServiceImpl.boardList() 
2022-05-21 00:16:28 [http-nio-8080-exec-9] INFO c.s.h.c.LoggerAspect - LoggerAspect : After class com.ssafy.happyhouse.controller.BoardController.boardList() 
2022-05-21 00:16:35 [http-nio-8080-exec-10] INFO c.s.h.c.LoggerAspect - LoggerAspect : Before class com.ssafy.happyhouse.controller.BoardController.boardDetail() 
2022-05-21 00:16:35 [http-nio-8080-exec-10] INFO c.s.h.c.LoggerAspect - LoggerAspect : Before class com.ssafy.happyhouse.service.BoardServiceImpl.boardDetail() 
2022-05-21 00:16:35 [http-nio-8080-exec-10] INFO c.s.h.c.LoggerAspect - LoggerAspect : Before class com.sun.proxy.$Proxy73.boardUserReadCount() 
2022-05-21 00:16:35 [http-nio-8080-exec-10] INFO c.s.h.c.LoggerAspect - LoggerAspect : After class com.sun.proxy.$Proxy73.boardUserReadCount() 
2022-05-21 00:16:35 [http-nio-8080-exec-10] INFO c.s.h.c.LoggerAspect - LoggerAspect : Before class com.sun.proxy.$Proxy73.boardDetail() 
2022-05-21 00:16:35 [http-nio-8080-exec-10] INFO c.s.h.c.LoggerAspect - LoggerAspect : After class com.sun.proxy.$Proxy73.boardDetail() 
2022-05-21 00:16:35 [http-nio-8080-exec-10] INFO c.s.h.c.LoggerAspect - LoggerAspect : Before class com.sun.proxy.$Proxy73.boardDetailFileList() 
2022-05-21 00:16:35 [http-nio-8080-exec-10] INFO c.s.h.c.LoggerAspect - LoggerAspect : After class com.sun.proxy.$Proxy73.boardDetailFileList() 
2022-05-21 00:16:35 [http-nio-8080-exec-10] INFO c.s.h.c.LoggerAspect - LoggerAspect : After class com.ssafy.happyhouse.service.BoardServiceImpl.boardDetail() 
2022-05-21 00:16:35 [http-nio-8080-exec-10] INFO c.s.h.c.LoggerAspect - LoggerAspect : After class com.ssafy.happyhouse.controller.BoardController.boardDetail() 
2022-05-21 00:16:35 [http-nio-8080-exec-1] INFO c.s.h.c.LoggerAspect - LoggerAspect : Before class com.ssafy.happyhouse.controller.BoardController.boardList() 
2022-05-21 00:16:35 [http-nio-8080-exec-1] INFO c.s.h.c.LoggerAspect - LoggerAspect : Before class com.ssafy.happyhouse.service.BoardServiceImpl.boardList() 
2022-05-21 00:16:35 [http-nio-8080-exec-1] INFO c.s.h.c.LoggerAspect - LoggerAspect : Before class com.sun.proxy.$Proxy73.boardList() 
2022-05-21 00:16:35 [http-nio-8080-exec-1] INFO c.s.h.c.LoggerAspect - LoggerAspect : After class com.sun.proxy.$Proxy73.boardList() 
2022-05-21 00:16:35 [http-nio-8080-exec-1] INFO c.s.h.c.LoggerAspect - LoggerAspect : Before class com.sun.proxy.$Proxy73.boardListTotalCount() 
2022-05-21 00:16:35 [http-nio-8080-exec-1] INFO c.s.h.c.LoggerAspect - LoggerAspect : After class com.sun.proxy.$Proxy73.boardListTotalCount() 
2022-05-21 00:16:35 [http-nio-8080-exec-1] INFO c.s.h.c.LoggerAspect - LoggerAspect : After class com.ssafy.happyhouse.service.BoardServiceImpl.boardList() 
2022-05-21 00:16:35 [http-nio-8080-exec-1] INFO c.s.h.c.LoggerAspect - LoggerAspect : After class com.ssafy.happyhouse.controller.BoardController.boardList() 
2022-05-21 00:16:44 [http-nio-8080-exec-4] INFO c.s.h.c.LoggerAspect - LoggerAspect : Before class com.ssafy.happyhouse.controller.LoginController.login() 
2022-05-21 00:16:44 [http-nio-8080-exec-4] INFO c.s.h.c.LoggerAspect - LoggerAspect : Before class com.ssafy.happyhouse.service.LoginServiceImpl.login() 
2022-05-21 00:16:44 [http-nio-8080-exec-4] INFO c.s.h.c.LoggerAspect - LoggerAspect : Before class com.sun.proxy.$Proxy79.login() 
2022-05-21 00:16:44 [http-nio-8080-exec-4] INFO c.s.h.c.LoggerAspect - LoggerAspect : After class com.sun.proxy.$Proxy79.login() 
2022-05-21 00:16:44 [http-nio-8080-exec-4] INFO c.s.h.c.LoggerAspect - LoggerAspect : After class com.ssafy.happyhouse.service.LoginServiceImpl.login() 
2022-05-21 00:16:44 [http-nio-8080-exec-4] INFO c.s.h.c.LoggerAspect - LoggerAspect : After class com.ssafy.happyhouse.controller.LoginController.login() 
2022-05-21 00:16:49 [http-nio-8080-exec-3] INFO c.s.h.c.LoggerAspect - LoggerAspect : Before class com.ssafy.happyhouse.controller.BoardController.boardList() 
2022-05-21 00:16:49 [http-nio-8080-exec-3] INFO c.s.h.c.LoggerAspect - LoggerAspect : Before class com.ssafy.happyhouse.service.BoardServiceImpl.boardList() 
2022-05-21 00:16:49 [http-nio-8080-exec-3] INFO c.s.h.c.LoggerAspect - LoggerAspect : Before class com.sun.proxy.$Proxy73.boardList() 
2022-05-21 00:16:49 [http-nio-8080-exec-3] INFO c.s.h.c.LoggerAspect - LoggerAspect : After class com.sun.proxy.$Proxy73.boardList() 
2022-05-21 00:16:49 [http-nio-8080-exec-3] INFO c.s.h.c.LoggerAspect - LoggerAspect : Before class com.sun.proxy.$Proxy73.boardListTotalCount() 
2022-05-21 00:16:49 [http-nio-8080-exec-3] INFO c.s.h.c.LoggerAspect - LoggerAspect : After class com.sun.proxy.$Proxy73.boardListTotalCount() 
2022-05-21 00:16:49 [http-nio-8080-exec-3] INFO c.s.h.c.LoggerAspect - LoggerAspect : After class com.ssafy.happyhouse.service.BoardServiceImpl.boardList() 
2022-05-21 00:16:49 [http-nio-8080-exec-3] INFO c.s.h.c.LoggerAspect - LoggerAspect : After class com.ssafy.happyhouse.controller.BoardController.boardList() 
2022-05-21 00:16:49 [http-nio-8080-exec-5] INFO c.s.h.c.LoggerAspect - LoggerAspect : Before class com.ssafy.happyhouse.controller.BoardController.boardList() 
2022-05-21 00:16:49 [http-nio-8080-exec-5] INFO c.s.h.c.LoggerAspect - LoggerAspect : Before class com.ssafy.happyhouse.service.BoardServiceImpl.boardList() 
2022-05-21 00:16:49 [http-nio-8080-exec-5] INFO c.s.h.c.LoggerAspect - LoggerAspect : Before class com.sun.proxy.$Proxy73.boardList() 
2022-05-21 00:16:49 [http-nio-8080-exec-5] INFO c.s.h.c.LoggerAspect - LoggerAspect : After class com.sun.proxy.$Proxy73.boardList() 
2022-05-21 00:16:49 [http-nio-8080-exec-5] INFO c.s.h.c.LoggerAspect - LoggerAspect : Before class com.sun.proxy.$Proxy73.boardListTotalCount() 
2022-05-21 00:16:49 [http-nio-8080-exec-5] INFO c.s.h.c.LoggerAspect - LoggerAspect : After class com.sun.proxy.$Proxy73.boardListTotalCount() 
2022-05-21 00:16:49 [http-nio-8080-exec-5] INFO c.s.h.c.LoggerAspect - LoggerAspect : After class com.ssafy.happyhouse.service.BoardServiceImpl.boardList() 
2022-05-21 00:16:49 [http-nio-8080-exec-5] INFO c.s.h.c.LoggerAspect - LoggerAspect : After class com.ssafy.happyhouse.controller.BoardController.boardList() 
2022-05-21 00:16:50 [http-nio-8080-exec-6] INFO c.s.h.c.LoggerAspect - LoggerAspect : Before class com.ssafy.happyhouse.controller.BoardController.boardDetail() 
2022-05-21 00:16:50 [http-nio-8080-exec-6] INFO c.s.h.c.LoggerAspect - LoggerAspect : Before class com.ssafy.happyhouse.service.BoardServiceImpl.boardDetail() 
2022-05-21 00:16:50 [http-nio-8080-exec-6] INFO c.s.h.c.LoggerAspect - LoggerAspect : Before class com.sun.proxy.$Proxy73.boardUserReadCount() 
2022-05-21 00:16:50 [http-nio-8080-exec-6] INFO c.s.h.c.LoggerAspect - LoggerAspect : After class com.sun.proxy.$Proxy73.boardUserReadCount() 
2022-05-21 00:16:50 [http-nio-8080-exec-6] INFO c.s.h.c.LoggerAspect - LoggerAspect : Before class com.sun.proxy.$Proxy73.boardDetail() 
2022-05-21 00:16:50 [http-nio-8080-exec-6] INFO c.s.h.c.LoggerAspect - LoggerAspect : After class com.sun.proxy.$Proxy73.boardDetail() 
2022-05-21 00:16:50 [http-nio-8080-exec-6] INFO c.s.h.c.LoggerAspect - LoggerAspect : Before class com.sun.proxy.$Proxy73.boardDetailFileList() 
2022-05-21 00:16:50 [http-nio-8080-exec-6] INFO c.s.h.c.LoggerAspect - LoggerAspect : After class com.sun.proxy.$Proxy73.boardDetailFileList() 
2022-05-21 00:16:50 [http-nio-8080-exec-6] INFO c.s.h.c.LoggerAspect - LoggerAspect : After class com.ssafy.happyhouse.service.BoardServiceImpl.boardDetail() 
2022-05-21 00:16:50 [http-nio-8080-exec-6] INFO c.s.h.c.LoggerAspect - LoggerAspect : After class com.ssafy.happyhouse.controller.BoardController.boardDetail() 
2022-05-21 00:16:50 [http-nio-8080-exec-7] INFO c.s.h.c.LoggerAspect - LoggerAspect : Before class com.ssafy.happyhouse.controller.BoardController.boardList() 
2022-05-21 00:16:50 [http-nio-8080-exec-7] INFO c.s.h.c.LoggerAspect - LoggerAspect : Before class com.ssafy.happyhouse.service.BoardServiceImpl.boardList() 
2022-05-21 00:16:50 [http-nio-8080-exec-7] INFO c.s.h.c.LoggerAspect - LoggerAspect : Before class com.sun.proxy.$Proxy73.boardList() 
2022-05-21 00:16:50 [http-nio-8080-exec-7] INFO c.s.h.c.LoggerAspect - LoggerAspect : After class com.sun.proxy.$Proxy73.boardList() 
2022-05-21 00:16:50 [http-nio-8080-exec-7] INFO c.s.h.c.LoggerAspect - LoggerAspect : Before class com.sun.proxy.$Proxy73.boardListTotalCount() 
2022-05-21 00:16:50 [http-nio-8080-exec-7] INFO c.s.h.c.LoggerAspect - LoggerAspect : After class com.sun.proxy.$Proxy73.boardListTotalCount() 
2022-05-21 00:16:50 [http-nio-8080-exec-7] INFO c.s.h.c.LoggerAspect - LoggerAspect : After class com.ssafy.happyhouse.service.BoardServiceImpl.boardList() 
2022-05-21 00:16:50 [http-nio-8080-exec-7] INFO c.s.h.c.LoggerAspect - LoggerAspect : After class com.ssafy.happyhouse.controller.BoardController.boardList() 
2022-05-21 00:16:56 [http-nio-8080-exec-8] INFO c.s.h.c.LoggerAspect - LoggerAspect : Before class com.ssafy.happyhouse.controller.BoardController.boardDetail() 
2022-05-21 00:16:56 [http-nio-8080-exec-8] INFO c.s.h.c.LoggerAspect - LoggerAspect : Before class com.ssafy.happyhouse.service.BoardServiceImpl.boardDetail() 
2022-05-21 00:16:56 [http-nio-8080-exec-8] INFO c.s.h.c.LoggerAspect - LoggerAspect : Before class com.sun.proxy.$Proxy73.boardUserReadCount() 
2022-05-21 00:16:56 [http-nio-8080-exec-8] INFO c.s.h.c.LoggerAspect - LoggerAspect : After class com.sun.proxy.$Proxy73.boardUserReadCount() 
2022-05-21 00:16:56 [http-nio-8080-exec-8] INFO c.s.h.c.LoggerAspect - LoggerAspect : Before class com.sun.proxy.$Proxy73.boardDetail() 
2022-05-21 00:16:56 [http-nio-8080-exec-8] INFO c.s.h.c.LoggerAspect - LoggerAspect : After class com.sun.proxy.$Proxy73.boardDetail() 
2022-05-21 00:16:56 [http-nio-8080-exec-8] INFO c.s.h.c.LoggerAspect - LoggerAspect : Before class com.sun.proxy.$Proxy73.boardDetailFileList() 
2022-05-21 00:16:56 [http-nio-8080-exec-8] INFO c.s.h.c.LoggerAspect - LoggerAspect : After class com.sun.proxy.$Proxy73.boardDetailFileList() 
2022-05-21 00:16:56 [http-nio-8080-exec-8] INFO c.s.h.c.LoggerAspect - LoggerAspect : After class com.ssafy.happyhouse.service.BoardServiceImpl.boardDetail() 
2022-05-21 00:16:56 [http-nio-8080-exec-8] INFO c.s.h.c.LoggerAspect - LoggerAspect : After class com.ssafy.happyhouse.controller.BoardController.boardDetail() 
2022-05-21 00:16:56 [http-nio-8080-exec-9] INFO c.s.h.c.LoggerAspect - LoggerAspect : Before class com.ssafy.happyhouse.controller.BoardController.boardList() 
2022-05-21 00:16:56 [http-nio-8080-exec-9] INFO c.s.h.c.LoggerAspect - LoggerAspect : Before class com.ssafy.happyhouse.service.BoardServiceImpl.boardList() 
2022-05-21 00:16:56 [http-nio-8080-exec-9] INFO c.s.h.c.LoggerAspect - LoggerAspect : Before class com.sun.proxy.$Proxy73.boardList() 
2022-05-21 00:16:56 [http-nio-8080-exec-9] INFO c.s.h.c.LoggerAspect - LoggerAspect : After class com.sun.proxy.$Proxy73.boardList() 
2022-05-21 00:16:56 [http-nio-8080-exec-9] INFO c.s.h.c.LoggerAspect - LoggerAspect : Before class com.sun.proxy.$Proxy73.boardListTotalCount() 
2022-05-21 00:16:56 [http-nio-8080-exec-9] INFO c.s.h.c.LoggerAspect - LoggerAspect : After class com.sun.proxy.$Proxy73.boardListTotalCount() 
2022-05-21 00:16:56 [http-nio-8080-exec-9] INFO c.s.h.c.LoggerAspect - LoggerAspect : After class com.ssafy.happyhouse.service.BoardServiceImpl.boardList() 
2022-05-21 00:16:56 [http-nio-8080-exec-9] INFO c.s.h.c.LoggerAspect - LoggerAspect : After class com.ssafy.happyhouse.controller.BoardController.boardList() 
2022-05-21 00:17:34 [http-nio-8080-exec-10] INFO c.s.h.c.LoggerAspect - LoggerAspect : Before class com.ssafy.happyhouse.controller.LoginController.login() 
2022-05-21 00:17:34 [http-nio-8080-exec-10] INFO c.s.h.c.LoggerAspect - LoggerAspect : Before class com.ssafy.happyhouse.service.LoginServiceImpl.login() 
2022-05-21 00:17:34 [http-nio-8080-exec-10] INFO c.s.h.c.LoggerAspect - LoggerAspect : Before class com.sun.proxy.$Proxy79.login() 
2022-05-21 00:17:34 [http-nio-8080-exec-10] INFO c.s.h.c.LoggerAspect - LoggerAspect : After class com.sun.proxy.$Proxy79.login() 
2022-05-21 00:17:34 [http-nio-8080-exec-10] INFO c.s.h.c.LoggerAspect - LoggerAspect : After class com.ssafy.happyhouse.service.LoginServiceImpl.login() 
2022-05-21 00:17:34 [http-nio-8080-exec-10] INFO c.s.h.c.LoggerAspect - LoggerAspect : After class com.ssafy.happyhouse.controller.LoginController.login() 
2022-05-21 00:17:38 [http-nio-8080-exec-1] INFO c.s.h.c.LoggerAspect - LoggerAspect : Before class com.ssafy.happyhouse.controller.BoardController.boardList() 
2022-05-21 00:17:38 [http-nio-8080-exec-1] INFO c.s.h.c.LoggerAspect - LoggerAspect : Before class com.ssafy.happyhouse.service.BoardServiceImpl.boardList() 
2022-05-21 00:17:38 [http-nio-8080-exec-1] INFO c.s.h.c.LoggerAspect - LoggerAspect : Before class com.sun.proxy.$Proxy73.boardList() 
2022-05-21 00:17:38 [http-nio-8080-exec-1] INFO c.s.h.c.LoggerAspect - LoggerAspect : After class com.sun.proxy.$Proxy73.boardList() 
2022-05-21 00:17:38 [http-nio-8080-exec-1] INFO c.s.h.c.LoggerAspect - LoggerAspect : Before class com.sun.proxy.$Proxy73.boardListTotalCount() 
2022-05-21 00:17:38 [http-nio-8080-exec-1] INFO c.s.h.c.LoggerAspect - LoggerAspect : After class com.sun.proxy.$Proxy73.boardListTotalCount() 
2022-05-21 00:17:38 [http-nio-8080-exec-1] INFO c.s.h.c.LoggerAspect - LoggerAspect : After class com.ssafy.happyhouse.service.BoardServiceImpl.boardList() 
2022-05-21 00:17:38 [http-nio-8080-exec-1] INFO c.s.h.c.LoggerAspect - LoggerAspect : After class com.ssafy.happyhouse.controller.BoardController.boardList() 
2022-05-21 00:17:38 [http-nio-8080-exec-2] INFO c.s.h.c.LoggerAspect - LoggerAspect : Before class com.ssafy.happyhouse.controller.BoardController.boardList() 
2022-05-21 00:17:38 [http-nio-8080-exec-2] INFO c.s.h.c.LoggerAspect - LoggerAspect : Before class com.ssafy.happyhouse.service.BoardServiceImpl.boardList() 
2022-05-21 00:17:38 [http-nio-8080-exec-2] INFO c.s.h.c.LoggerAspect - LoggerAspect : Before class com.sun.proxy.$Proxy73.boardList() 
2022-05-21 00:17:38 [http-nio-8080-exec-2] INFO c.s.h.c.LoggerAspect - LoggerAspect : After class com.sun.proxy.$Proxy73.boardList() 
2022-05-21 00:17:38 [http-nio-8080-exec-2] INFO c.s.h.c.LoggerAspect - LoggerAspect : Before class com.sun.proxy.$Proxy73.boardListTotalCount() 
2022-05-21 00:17:38 [http-nio-8080-exec-2] INFO c.s.h.c.LoggerAspect - LoggerAspect : After class com.sun.proxy.$Proxy73.boardListTotalCount() 
2022-05-21 00:17:38 [http-nio-8080-exec-2] INFO c.s.h.c.LoggerAspect - LoggerAspect : After class com.ssafy.happyhouse.service.BoardServiceImpl.boardList() 
2022-05-21 00:17:38 [http-nio-8080-exec-2] INFO c.s.h.c.LoggerAspect - LoggerAspect : After class com.ssafy.happyhouse.controller.BoardController.boardList() 
2022-05-21 00:17:39 [http-nio-8080-exec-4] INFO c.s.h.c.LoggerAspect - LoggerAspect : Before class com.ssafy.happyhouse.controller.BoardController.boardDetail() 
2022-05-21 00:17:39 [http-nio-8080-exec-4] INFO c.s.h.c.LoggerAspect - LoggerAspect : Before class com.ssafy.happyhouse.service.BoardServiceImpl.boardDetail() 
2022-05-21 00:17:39 [http-nio-8080-exec-4] INFO c.s.h.c.LoggerAspect - LoggerAspect : Before class com.sun.proxy.$Proxy73.boardUserReadCount() 
2022-05-21 00:17:39 [http-nio-8080-exec-4] INFO c.s.h.c.LoggerAspect - LoggerAspect : After class com.sun.proxy.$Proxy73.boardUserReadCount() 
2022-05-21 00:17:39 [http-nio-8080-exec-4] INFO c.s.h.c.LoggerAspect - LoggerAspect : Before class com.sun.proxy.$Proxy73.boardDetail() 
2022-05-21 00:17:39 [http-nio-8080-exec-4] INFO c.s.h.c.LoggerAspect - LoggerAspect : After class com.sun.proxy.$Proxy73.boardDetail() 
2022-05-21 00:17:39 [http-nio-8080-exec-4] INFO c.s.h.c.LoggerAspect - LoggerAspect : Before class com.sun.proxy.$Proxy73.boardDetailFileList() 
2022-05-21 00:17:39 [http-nio-8080-exec-4] INFO c.s.h.c.LoggerAspect - LoggerAspect : After class com.sun.proxy.$Proxy73.boardDetailFileList() 
2022-05-21 00:17:39 [http-nio-8080-exec-4] INFO c.s.h.c.LoggerAspect - LoggerAspect : After class com.ssafy.happyhouse.service.BoardServiceImpl.boardDetail() 
2022-05-21 00:17:39 [http-nio-8080-exec-4] INFO c.s.h.c.LoggerAspect - LoggerAspect : After class com.ssafy.happyhouse.controller.BoardController.boardDetail() 
2022-05-21 00:17:39 [http-nio-8080-exec-3] INFO c.s.h.c.LoggerAspect - LoggerAspect : Before class com.ssafy.happyhouse.controller.BoardController.boardList() 
2022-05-21 00:17:39 [http-nio-8080-exec-3] INFO c.s.h.c.LoggerAspect - LoggerAspect : Before class com.ssafy.happyhouse.service.BoardServiceImpl.boardList() 
2022-05-21 00:17:39 [http-nio-8080-exec-3] INFO c.s.h.c.LoggerAspect - LoggerAspect : Before class com.sun.proxy.$Proxy73.boardList() 
2022-05-21 00:17:39 [http-nio-8080-exec-3] INFO c.s.h.c.LoggerAspect - LoggerAspect : After class com.sun.proxy.$Proxy73.boardList() 
2022-05-21 00:17:39 [http-nio-8080-exec-3] INFO c.s.h.c.LoggerAspect - LoggerAspect : Before class com.sun.proxy.$Proxy73.boardListTotalCount() 
2022-05-21 00:17:39 [http-nio-8080-exec-3] INFO c.s.h.c.LoggerAspect - LoggerAspect : After class com.sun.proxy.$Proxy73.boardListTotalCount() 
2022-05-21 00:17:39 [http-nio-8080-exec-3] INFO c.s.h.c.LoggerAspect - LoggerAspect : After class com.ssafy.happyhouse.service.BoardServiceImpl.boardList() 
2022-05-21 00:17:39 [http-nio-8080-exec-3] INFO c.s.h.c.LoggerAspect - LoggerAspect : After class com.ssafy.happyhouse.controller.BoardController.boardList() 
2022-05-21 00:17:46 [http-nio-8080-exec-5] INFO c.s.h.c.LoggerAspect - LoggerAspect : Before class com.ssafy.happyhouse.controller.BoardController.boardDetail() 
2022-05-21 00:17:46 [http-nio-8080-exec-5] INFO c.s.h.c.LoggerAspect - LoggerAspect : Before class com.ssafy.happyhouse.service.BoardServiceImpl.boardDetail() 
2022-05-21 00:17:46 [http-nio-8080-exec-5] INFO c.s.h.c.LoggerAspect - LoggerAspect : Before class com.sun.proxy.$Proxy73.boardUserReadCount() 
2022-05-21 00:17:46 [http-nio-8080-exec-5] INFO c.s.h.c.LoggerAspect - LoggerAspect : After class com.sun.proxy.$Proxy73.boardUserReadCount() 
2022-05-21 00:17:46 [http-nio-8080-exec-5] INFO c.s.h.c.LoggerAspect - LoggerAspect : Before class com.sun.proxy.$Proxy73.boardUserReadInsert() 
2022-05-21 00:17:46 [http-nio-8080-exec-5] INFO c.s.h.c.LoggerAspect - LoggerAspect : After class com.sun.proxy.$Proxy73.boardUserReadInsert() 
2022-05-21 00:17:46 [http-nio-8080-exec-5] INFO c.s.h.c.LoggerAspect - LoggerAspect : After class com.ssafy.happyhouse.service.BoardServiceImpl.boardDetail() 
2022-05-21 00:17:46 [http-nio-8080-exec-5] INFO c.s.h.c.LoggerAspect - LoggerAspect : After class com.ssafy.happyhouse.controller.BoardController.boardDetail() 
2022-05-21 00:17:46 [http-nio-8080-exec-6] INFO c.s.h.c.LoggerAspect - LoggerAspect : Before class com.ssafy.happyhouse.controller.BoardController.boardDetail() 
2022-05-21 00:17:46 [http-nio-8080-exec-6] INFO c.s.h.c.LoggerAspect - LoggerAspect : Before class com.ssafy.happyhouse.service.BoardServiceImpl.boardDetail() 
2022-05-21 00:17:46 [http-nio-8080-exec-6] INFO c.s.h.c.LoggerAspect - LoggerAspect : Before class com.sun.proxy.$Proxy73.boardUserReadCount() 
2022-05-21 00:17:46 [http-nio-8080-exec-6] INFO c.s.h.c.LoggerAspect - LoggerAspect : After class com.sun.proxy.$Proxy73.boardUserReadCount() 
2022-05-21 00:17:46 [http-nio-8080-exec-6] INFO c.s.h.c.LoggerAspect - LoggerAspect : Before class com.sun.proxy.$Proxy73.boardDetail() 
2022-05-21 00:17:46 [http-nio-8080-exec-6] INFO c.s.h.c.LoggerAspect - LoggerAspect : After class com.sun.proxy.$Proxy73.boardDetail() 
2022-05-21 00:17:46 [http-nio-8080-exec-6] INFO c.s.h.c.LoggerAspect - LoggerAspect : Before class com.sun.proxy.$Proxy73.boardDetailFileList() 
2022-05-21 00:17:46 [http-nio-8080-exec-6] INFO c.s.h.c.LoggerAspect - LoggerAspect : After class com.sun.proxy.$Proxy73.boardDetailFileList() 
2022-05-21 00:17:46 [http-nio-8080-exec-6] INFO c.s.h.c.LoggerAspect - LoggerAspect : After class com.ssafy.happyhouse.service.BoardServiceImpl.boardDetail() 
2022-05-21 00:17:46 [http-nio-8080-exec-6] INFO c.s.h.c.LoggerAspect - LoggerAspect : After class com.ssafy.happyhouse.controller.BoardController.boardDetail() 
2022-05-21 00:17:46 [http-nio-8080-exec-7] INFO c.s.h.c.LoggerAspect - LoggerAspect : Before class com.ssafy.happyhouse.controller.BoardController.boardList() 
2022-05-21 00:17:46 [http-nio-8080-exec-7] INFO c.s.h.c.LoggerAspect - LoggerAspect : Before class com.ssafy.happyhouse.service.BoardServiceImpl.boardList() 
2022-05-21 00:17:46 [http-nio-8080-exec-7] INFO c.s.h.c.LoggerAspect - LoggerAspect : Before class com.sun.proxy.$Proxy73.boardList() 
2022-05-21 00:17:46 [http-nio-8080-exec-7] INFO c.s.h.c.LoggerAspect - LoggerAspect : After class com.sun.proxy.$Proxy73.boardList() 
2022-05-21 00:17:46 [http-nio-8080-exec-7] INFO c.s.h.c.LoggerAspect - LoggerAspect : Before class com.sun.proxy.$Proxy73.boardListTotalCount() 
2022-05-21 00:17:46 [http-nio-8080-exec-7] INFO c.s.h.c.LoggerAspect - LoggerAspect : After class com.sun.proxy.$Proxy73.boardListTotalCount() 
2022-05-21 00:17:46 [http-nio-8080-exec-7] INFO c.s.h.c.LoggerAspect - LoggerAspect : After class com.ssafy.happyhouse.service.BoardServiceImpl.boardList() 
2022-05-21 00:17:46 [http-nio-8080-exec-7] INFO c.s.h.c.LoggerAspect - LoggerAspect : After class com.ssafy.happyhouse.controller.BoardController.boardList() 
2022-05-21 00:18:34 [http-nio-8080-exec-8] INFO c.s.h.c.LoggerAspect - LoggerAspect : Before class com.ssafy.happyhouse.controller.BoardController.boardDetail() 
2022-05-21 00:18:34 [http-nio-8080-exec-8] INFO c.s.h.c.LoggerAspect - LoggerAspect : Before class com.ssafy.happyhouse.service.BoardServiceImpl.boardDetail() 
2022-05-21 00:18:34 [http-nio-8080-exec-8] INFO c.s.h.c.LoggerAspect - LoggerAspect : Before class com.sun.proxy.$Proxy73.boardUserReadCount() 
2022-05-21 00:18:34 [http-nio-8080-exec-8] INFO c.s.h.c.LoggerAspect - LoggerAspect : After class com.sun.proxy.$Proxy73.boardUserReadCount() 
2022-05-21 00:18:34 [http-nio-8080-exec-8] INFO c.s.h.c.LoggerAspect - LoggerAspect : Before class com.sun.proxy.$Proxy73.boardDetail() 
2022-05-21 00:18:34 [http-nio-8080-exec-8] INFO c.s.h.c.LoggerAspect - LoggerAspect : After class com.sun.proxy.$Proxy73.boardDetail() 
2022-05-21 00:18:34 [http-nio-8080-exec-8] INFO c.s.h.c.LoggerAspect - LoggerAspect : Before class com.sun.proxy.$Proxy73.boardDetailFileList() 
2022-05-21 00:18:34 [http-nio-8080-exec-8] INFO c.s.h.c.LoggerAspect - LoggerAspect : After class com.sun.proxy.$Proxy73.boardDetailFileList() 
2022-05-21 00:18:34 [http-nio-8080-exec-8] INFO c.s.h.c.LoggerAspect - LoggerAspect : After class com.ssafy.happyhouse.service.BoardServiceImpl.boardDetail() 
2022-05-21 00:18:34 [http-nio-8080-exec-8] INFO c.s.h.c.LoggerAspect - LoggerAspect : After class com.ssafy.happyhouse.controller.BoardController.boardDetail() 
2022-05-21 00:18:34 [http-nio-8080-exec-9] INFO c.s.h.c.LoggerAspect - LoggerAspect : Before class com.ssafy.happyhouse.controller.BoardController.boardList() 
2022-05-21 00:18:34 [http-nio-8080-exec-9] INFO c.s.h.c.LoggerAspect - LoggerAspect : Before class com.ssafy.happyhouse.service.BoardServiceImpl.boardList() 
2022-05-21 00:18:34 [http-nio-8080-exec-9] INFO c.s.h.c.LoggerAspect - LoggerAspect : Before class com.sun.proxy.$Proxy73.boardList() 
2022-05-21 00:18:34 [http-nio-8080-exec-9] INFO c.s.h.c.LoggerAspect - LoggerAspect : After class com.sun.proxy.$Proxy73.boardList() 
2022-05-21 00:18:34 [http-nio-8080-exec-9] INFO c.s.h.c.LoggerAspect - LoggerAspect : Before class com.sun.proxy.$Proxy73.boardListTotalCount() 
2022-05-21 00:18:34 [http-nio-8080-exec-9] INFO c.s.h.c.LoggerAspect - LoggerAspect : After class com.sun.proxy.$Proxy73.boardListTotalCount() 
2022-05-21 00:18:34 [http-nio-8080-exec-9] INFO c.s.h.c.LoggerAspect - LoggerAspect : After class com.ssafy.happyhouse.service.BoardServiceImpl.boardList() 
2022-05-21 00:18:34 [http-nio-8080-exec-9] INFO c.s.h.c.LoggerAspect - LoggerAspect : After class com.ssafy.happyhouse.controller.BoardController.boardList() 
2022-05-21 00:18:41 [http-nio-8080-exec-10] WARN o.s.v.DataBinder - Skipping URI variable 'boardId' because request contains bind value with same name. 
2022-05-21 00:18:41 [http-nio-8080-exec-10] INFO c.s.h.c.LoggerAspect - LoggerAspect : Before class com.ssafy.happyhouse.controller.BoardController.boardUpdate() 
2022-05-21 00:18:41 [http-nio-8080-exec-10] INFO c.s.h.c.LoggerAspect - LoggerAspect : Before class com.ssafy.happyhouse.service.BoardServiceImpl.boardUpdate() 
2022-05-21 00:18:41 [http-nio-8080-exec-10] INFO c.s.h.c.LoggerAspect - LoggerAspect : Before class com.sun.proxy.$Proxy73.boardUpdate() 
2022-05-21 00:18:41 [http-nio-8080-exec-10] INFO c.s.h.c.LoggerAspect - LoggerAspect : After class com.sun.proxy.$Proxy73.boardUpdate() 
2022-05-21 00:18:41 [http-nio-8080-exec-10] INFO c.s.h.c.LoggerAspect - LoggerAspect : Before class com.sun.proxy.$Proxy73.boardFileUrlDeleteList() 
2022-05-21 00:18:41 [http-nio-8080-exec-10] INFO c.s.h.c.LoggerAspect - LoggerAspect : After class com.sun.proxy.$Proxy73.boardFileUrlDeleteList() 
2022-05-21 00:18:41 [http-nio-8080-exec-10] INFO c.s.h.c.LoggerAspect - LoggerAspect : Before class com.sun.proxy.$Proxy73.boardFileDelete() 
2022-05-21 00:18:41 [http-nio-8080-exec-10] INFO c.s.h.c.LoggerAspect - LoggerAspect : After class com.sun.proxy.$Proxy73.boardFileDelete() 
2022-05-21 00:18:41 [http-nio-8080-exec-10] INFO c.s.h.c.LoggerAspect - LoggerAspect : After class com.ssafy.happyhouse.service.BoardServiceImpl.boardUpdate() 
2022-05-21 00:18:41 [http-nio-8080-exec-10] INFO c.s.h.c.LoggerAspect - LoggerAspect : After class com.ssafy.happyhouse.controller.BoardController.boardUpdate() 
2022-05-21 00:50:47 [RMI TCP Connection(46)-127.0.0.1] INFO o.s.b.a.SpringApplicationAdminMXBeanRegistrar$SpringApplicationAdmin - Application shutdown requested. 
2022-05-21 00:50:47 [RMI TCP Connection(46)-127.0.0.1] INFO c.z.h.HikariDataSource - HikariPool-1 - Shutdown initiated... 
2022-05-21 00:50:47 [RMI TCP Connection(46)-127.0.0.1] INFO c.z.h.HikariDataSource - HikariPool-1 - Shutdown completed. 
2022-05-21 00:59:44 [restartedMain] INFO c.s.h.HappyhouseApplication - Starting HappyhouseApplication using Java 1.8.0_312 on DESKTOP-4NPAT8D with PID 33752 (C:\Users\chl13\Desktop\Final\HappyHouse-master\BackEnd\bin\main started by chl13 in C:\Users\chl13\Desktop\Final\HappyHouse-master\BackEnd) 
2022-05-21 00:59:44 [restartedMain] INFO c.s.h.HappyhouseApplication - No active profile set, falling back to default profiles: default 
2022-05-21 00:59:44 [restartedMain] INFO o.s.b.d.e.DevToolsPropertyDefaultsPostProcessor - Devtools property defaults active! Set 'spring.devtools.add-properties' to 'false' to disable 
2022-05-21 00:59:44 [restartedMain] INFO o.s.b.d.e.DevToolsPropertyDefaultsPostProcessor - For additional web related logging consider setting the 'logging.level.web' property to 'DEBUG' 
2022-05-21 00:59:45 [restartedMain] INFO o.s.b.w.e.t.TomcatWebServer - Tomcat initialized with port(s): 8080 (http) 
2022-05-21 00:59:45 [restartedMain] INFO o.a.c.h.Http11NioProtocol - Initializing ProtocolHandler ["http-nio-8080"] 
2022-05-21 00:59:45 [restartedMain] INFO o.a.c.c.StandardService - Starting service [Tomcat] 
2022-05-21 00:59:45 [restartedMain] INFO o.a.c.c.StandardEngine - Starting Servlet engine: [Apache Tomcat/9.0.54] 
2022-05-21 00:59:45 [restartedMain] INFO o.a.c.c.C.[.[.[/] - Initializing Spring embedded WebApplicationContext 
2022-05-21 00:59:45 [restartedMain] INFO o.s.b.w.s.c.ServletWebServerApplicationContext - Root WebApplicationContext: initialization completed in 974 ms 
2022-05-21 00:59:46 [restartedMain] INFO c.s.h.c.LoggerAspect - LoggerAspect : Before class com.ssafy.happyhouse.config.WebMvcConfig$$EnhancerBySpringCGLIB$$20cbc317.addInterceptors() 
2022-05-21 00:59:46 [restartedMain] INFO c.s.h.c.LoggerAspect - LoggerAspect : After class com.ssafy.happyhouse.config.WebMvcConfig$$EnhancerBySpringCGLIB$$20cbc317.addInterceptors() 
2022-05-21 00:59:46 [restartedMain] INFO o.s.b.d.a.OptionalLiveReloadServer - LiveReload server is running on port 35729 
2022-05-21 00:59:46 [restartedMain] INFO o.a.c.h.Http11NioProtocol - Starting ProtocolHandler ["http-nio-8080"] 
2022-05-21 00:59:46 [restartedMain] INFO o.s.b.w.e.t.TomcatWebServer - Tomcat started on port(s): 8080 (http) with context path '' 
2022-05-21 00:59:46 [restartedMain] INFO c.s.h.HappyhouseApplication - Started HappyhouseApplication in 2.094 seconds (JVM running for 3.036) 
2022-05-21 01:00:36 [http-nio-8080-exec-1] INFO o.a.c.c.C.[.[.[/] - Initializing Spring DispatcherServlet 'dispatcherServlet' 
2022-05-21 01:00:36 [http-nio-8080-exec-1] INFO o.s.w.s.DispatcherServlet - Initializing Servlet 'dispatcherServlet' 
2022-05-21 01:00:36 [http-nio-8080-exec-1] INFO o.s.w.s.DispatcherServlet - Completed initialization in 1 ms 
2022-05-21 01:00:36 [http-nio-8080-exec-1] INFO c.s.h.c.LoggerAspect - LoggerAspect : Before class com.ssafy.happyhouse.controller.NoticeController.noticeList() 
2022-05-21 01:00:36 [http-nio-8080-exec-1] INFO c.s.h.c.LoggerAspect - LoggerAspect : Before class com.ssafy.happyhouse.service.NoticeServiceImpl.noticeList() 
2022-05-21 01:00:36 [http-nio-8080-exec-1] INFO c.s.h.c.LoggerAspect - LoggerAspect : Before class com.sun.proxy.$Proxy83.noticeList() 
2022-05-21 01:00:36 [http-nio-8080-exec-1] INFO c.z.h.HikariDataSource - HikariPool-1 - Starting... 
2022-05-21 01:00:36 [http-nio-8080-exec-1] INFO c.z.h.HikariDataSource - HikariPool-1 - Start completed. 
2022-05-21 01:00:36 [http-nio-8080-exec-1] INFO c.s.h.c.LoggerAspect - LoggerAspect : After class com.sun.proxy.$Proxy83.noticeList() 
2022-05-21 01:00:36 [http-nio-8080-exec-1] INFO c.s.h.c.LoggerAspect - LoggerAspect : Before class com.sun.proxy.$Proxy83.noticeListTotalCount() 
2022-05-21 01:00:36 [http-nio-8080-exec-1] INFO c.s.h.c.LoggerAspect - LoggerAspect : After class com.sun.proxy.$Proxy83.noticeListTotalCount() 
2022-05-21 01:00:36 [http-nio-8080-exec-1] INFO c.s.h.c.LoggerAspect - LoggerAspect : After class com.ssafy.happyhouse.service.NoticeServiceImpl.noticeList() 
2022-05-21 01:00:36 [http-nio-8080-exec-1] INFO c.s.h.c.LoggerAspect - LoggerAspect : After class com.ssafy.happyhouse.controller.NoticeController.noticeList() 
2022-05-21 01:00:36 [http-nio-8080-exec-2] INFO c.s.h.c.LoggerAspect - LoggerAspect : Before class com.ssafy.happyhouse.controller.NoticeController.noticeList() 
2022-05-21 01:00:36 [http-nio-8080-exec-2] INFO c.s.h.c.LoggerAspect - LoggerAspect : Before class com.ssafy.happyhouse.service.NoticeServiceImpl.noticeList() 
2022-05-21 01:00:36 [http-nio-8080-exec-2] INFO c.s.h.c.LoggerAspect - LoggerAspect : Before class com.sun.proxy.$Proxy83.noticeList() 
2022-05-21 01:00:36 [http-nio-8080-exec-2] INFO c.s.h.c.LoggerAspect - LoggerAspect : After class com.sun.proxy.$Proxy83.noticeList() 
2022-05-21 01:00:36 [http-nio-8080-exec-2] INFO c.s.h.c.LoggerAspect - LoggerAspect : Before class com.sun.proxy.$Proxy83.noticeListTotalCount() 
2022-05-21 01:00:36 [http-nio-8080-exec-2] INFO c.s.h.c.LoggerAspect - LoggerAspect : After class com.sun.proxy.$Proxy83.noticeListTotalCount() 
2022-05-21 01:00:36 [http-nio-8080-exec-2] INFO c.s.h.c.LoggerAspect - LoggerAspect : After class com.ssafy.happyhouse.service.NoticeServiceImpl.noticeList() 
2022-05-21 01:00:36 [http-nio-8080-exec-2] INFO c.s.h.c.LoggerAspect - LoggerAspect : After class com.ssafy.happyhouse.controller.NoticeController.noticeList() 
2022-05-21 01:00:42 [http-nio-8080-exec-3] INFO c.s.h.c.LoggerAspect - LoggerAspect : Before class com.ssafy.happyhouse.controller.NoticeController.noticeDetail() 
2022-05-21 01:00:42 [http-nio-8080-exec-3] INFO c.s.h.c.LoggerAspect - LoggerAspect : Before class com.ssafy.happyhouse.service.NoticeServiceImpl.noticeDetail() 
2022-05-21 01:00:42 [http-nio-8080-exec-3] INFO c.s.h.c.LoggerAspect - LoggerAspect : Before class com.sun.proxy.$Proxy83.noticeDetail() 
2022-05-21 01:00:42 [http-nio-8080-exec-3] INFO c.s.h.c.LoggerAspect - LoggerAspect : After class com.sun.proxy.$Proxy83.noticeDetail() 
2022-05-21 01:00:42 [http-nio-8080-exec-3] INFO c.s.h.c.LoggerAspect - LoggerAspect : Before class com.sun.proxy.$Proxy83.noticeDetailFileList() 
2022-05-21 01:00:42 [http-nio-8080-exec-3] INFO c.s.h.c.LoggerAspect - LoggerAspect : After class com.sun.proxy.$Proxy83.noticeDetailFileList() 
2022-05-21 01:00:42 [http-nio-8080-exec-3] INFO c.s.h.c.LoggerAspect - LoggerAspect : After class com.ssafy.happyhouse.service.NoticeServiceImpl.noticeDetail() 
2022-05-21 01:00:42 [http-nio-8080-exec-3] INFO c.s.h.c.LoggerAspect - LoggerAspect : After class com.ssafy.happyhouse.controller.NoticeController.noticeDetail() 
2022-05-21 01:00:42 [http-nio-8080-exec-4] INFO c.s.h.c.LoggerAspect - LoggerAspect : Before class com.ssafy.happyhouse.controller.NoticeController.noticeList() 
2022-05-21 01:00:42 [http-nio-8080-exec-4] INFO c.s.h.c.LoggerAspect - LoggerAspect : Before class com.ssafy.happyhouse.service.NoticeServiceImpl.noticeList() 
2022-05-21 01:00:42 [http-nio-8080-exec-4] INFO c.s.h.c.LoggerAspect - LoggerAspect : Before class com.sun.proxy.$Proxy83.noticeList() 
2022-05-21 01:00:42 [http-nio-8080-exec-4] INFO c.s.h.c.LoggerAspect - LoggerAspect : After class com.sun.proxy.$Proxy83.noticeList() 
2022-05-21 01:00:42 [http-nio-8080-exec-4] INFO c.s.h.c.LoggerAspect - LoggerAspect : Before class com.sun.proxy.$Proxy83.noticeListTotalCount() 
2022-05-21 01:00:42 [http-nio-8080-exec-4] INFO c.s.h.c.LoggerAspect - LoggerAspect : After class com.sun.proxy.$Proxy83.noticeListTotalCount() 
2022-05-21 01:00:42 [http-nio-8080-exec-4] INFO c.s.h.c.LoggerAspect - LoggerAspect : After class com.ssafy.happyhouse.service.NoticeServiceImpl.noticeList() 
2022-05-21 01:00:42 [http-nio-8080-exec-4] INFO c.s.h.c.LoggerAspect - LoggerAspect : After class com.ssafy.happyhouse.controller.NoticeController.noticeList() 
2022-05-21 01:00:46 [http-nio-8080-exec-5] INFO c.s.h.c.LoggerAspect - LoggerAspect : Before class com.ssafy.happyhouse.controller.BoardController.boardList() 
2022-05-21 01:00:46 [http-nio-8080-exec-5] INFO c.s.h.c.LoggerAspect - LoggerAspect : Before class com.ssafy.happyhouse.service.BoardServiceImpl.boardList() 
2022-05-21 01:00:46 [http-nio-8080-exec-5] INFO c.s.h.c.LoggerAspect - LoggerAspect : Before class com.sun.proxy.$Proxy73.boardList() 
2022-05-21 01:00:46 [http-nio-8080-exec-5] INFO c.s.h.c.LoggerAspect - LoggerAspect : After class com.sun.proxy.$Proxy73.boardList() 
2022-05-21 01:00:46 [http-nio-8080-exec-5] INFO c.s.h.c.LoggerAspect - LoggerAspect : Before class com.sun.proxy.$Proxy73.boardListTotalCount() 
2022-05-21 01:00:46 [http-nio-8080-exec-5] INFO c.s.h.c.LoggerAspect - LoggerAspect : After class com.sun.proxy.$Proxy73.boardListTotalCount() 
2022-05-21 01:00:46 [http-nio-8080-exec-5] INFO c.s.h.c.LoggerAspect - LoggerAspect : After class com.ssafy.happyhouse.service.BoardServiceImpl.boardList() 
2022-05-21 01:00:46 [http-nio-8080-exec-5] INFO c.s.h.c.LoggerAspect - LoggerAspect : After class com.ssafy.happyhouse.controller.BoardController.boardList() 
2022-05-21 01:00:46 [http-nio-8080-exec-6] INFO c.s.h.c.LoggerAspect - LoggerAspect : Before class com.ssafy.happyhouse.controller.BoardController.boardList() 
2022-05-21 01:00:46 [http-nio-8080-exec-6] INFO c.s.h.c.LoggerAspect - LoggerAspect : Before class com.ssafy.happyhouse.service.BoardServiceImpl.boardList() 
2022-05-21 01:00:46 [http-nio-8080-exec-6] INFO c.s.h.c.LoggerAspect - LoggerAspect : Before class com.sun.proxy.$Proxy73.boardList() 
2022-05-21 01:00:46 [http-nio-8080-exec-6] INFO c.s.h.c.LoggerAspect - LoggerAspect : After class com.sun.proxy.$Proxy73.boardList() 
2022-05-21 01:00:46 [http-nio-8080-exec-6] INFO c.s.h.c.LoggerAspect - LoggerAspect : Before class com.sun.proxy.$Proxy73.boardListTotalCount() 
2022-05-21 01:00:46 [http-nio-8080-exec-6] INFO c.s.h.c.LoggerAspect - LoggerAspect : After class com.sun.proxy.$Proxy73.boardListTotalCount() 
2022-05-21 01:00:46 [http-nio-8080-exec-6] INFO c.s.h.c.LoggerAspect - LoggerAspect : After class com.ssafy.happyhouse.service.BoardServiceImpl.boardList() 
2022-05-21 01:00:46 [http-nio-8080-exec-6] INFO c.s.h.c.LoggerAspect - LoggerAspect : After class com.ssafy.happyhouse.controller.BoardController.boardList() 
2022-05-21 01:00:47 [http-nio-8080-exec-7] INFO c.s.h.c.LoggerAspect - LoggerAspect : Before class com.ssafy.happyhouse.controller.BoardController.boardDetail() 
2022-05-21 01:00:47 [http-nio-8080-exec-7] INFO c.s.h.c.LoggerAspect - LoggerAspect : Before class com.ssafy.happyhouse.service.BoardServiceImpl.boardDetail() 
2022-05-21 01:00:47 [http-nio-8080-exec-7] INFO c.s.h.c.LoggerAspect - LoggerAspect : Before class com.sun.proxy.$Proxy73.boardDetail() 
2022-05-21 01:00:47 [http-nio-8080-exec-7] INFO c.s.h.c.LoggerAspect - LoggerAspect : After class com.sun.proxy.$Proxy73.boardDetail() 
2022-05-21 01:00:47 [http-nio-8080-exec-7] INFO c.s.h.c.LoggerAspect - LoggerAspect : Before class com.sun.proxy.$Proxy73.boardDetailFileList() 
2022-05-21 01:00:47 [http-nio-8080-exec-7] INFO c.s.h.c.LoggerAspect - LoggerAspect : After class com.sun.proxy.$Proxy73.boardDetailFileList() 
2022-05-21 01:00:47 [http-nio-8080-exec-7] INFO c.s.h.c.LoggerAspect - LoggerAspect : After class com.ssafy.happyhouse.service.BoardServiceImpl.boardDetail() 
2022-05-21 01:00:47 [http-nio-8080-exec-7] INFO c.s.h.c.LoggerAspect - LoggerAspect : After class com.ssafy.happyhouse.controller.BoardController.boardDetail() 
2022-05-21 01:00:47 [http-nio-8080-exec-8] INFO c.s.h.c.LoggerAspect - LoggerAspect : Before class com.ssafy.happyhouse.controller.BoardController.boardList() 
2022-05-21 01:00:47 [http-nio-8080-exec-8] INFO c.s.h.c.LoggerAspect - LoggerAspect : Before class com.ssafy.happyhouse.service.BoardServiceImpl.boardList() 
2022-05-21 01:00:47 [http-nio-8080-exec-8] INFO c.s.h.c.LoggerAspect - LoggerAspect : Before class com.sun.proxy.$Proxy73.boardList() 
2022-05-21 01:00:47 [http-nio-8080-exec-8] INFO c.s.h.c.LoggerAspect - LoggerAspect : After class com.sun.proxy.$Proxy73.boardList() 
2022-05-21 01:00:47 [http-nio-8080-exec-8] INFO c.s.h.c.LoggerAspect - LoggerAspect : Before class com.sun.proxy.$Proxy73.boardListTotalCount() 
2022-05-21 01:00:47 [http-nio-8080-exec-8] INFO c.s.h.c.LoggerAspect - LoggerAspect : After class com.sun.proxy.$Proxy73.boardListTotalCount() 
2022-05-21 01:00:47 [http-nio-8080-exec-8] INFO c.s.h.c.LoggerAspect - LoggerAspect : After class com.ssafy.happyhouse.service.BoardServiceImpl.boardList() 
2022-05-21 01:00:47 [http-nio-8080-exec-8] INFO c.s.h.c.LoggerAspect - LoggerAspect : After class com.ssafy.happyhouse.controller.BoardController.boardList() 
2022-05-21 01:00:49 [http-nio-8080-exec-9] INFO c.s.h.c.LoggerAspect - LoggerAspect : Before class com.ssafy.happyhouse.controller.BoardController.boardDetail() 
2022-05-21 01:00:49 [http-nio-8080-exec-9] INFO c.s.h.c.LoggerAspect - LoggerAspect : Before class com.ssafy.happyhouse.service.BoardServiceImpl.boardDetail() 
2022-05-21 01:00:49 [http-nio-8080-exec-9] INFO c.s.h.c.LoggerAspect - LoggerAspect : Before class com.sun.proxy.$Proxy73.boardDetail() 
2022-05-21 01:00:49 [http-nio-8080-exec-9] INFO c.s.h.c.LoggerAspect - LoggerAspect : After class com.sun.proxy.$Proxy73.boardDetail() 
2022-05-21 01:00:49 [http-nio-8080-exec-9] INFO c.s.h.c.LoggerAspect - LoggerAspect : Before class com.sun.proxy.$Proxy73.boardDetailFileList() 
2022-05-21 01:00:49 [http-nio-8080-exec-9] INFO c.s.h.c.LoggerAspect - LoggerAspect : After class com.sun.proxy.$Proxy73.boardDetailFileList() 
2022-05-21 01:00:49 [http-nio-8080-exec-9] INFO c.s.h.c.LoggerAspect - LoggerAspect : After class com.ssafy.happyhouse.service.BoardServiceImpl.boardDetail() 
2022-05-21 01:00:49 [http-nio-8080-exec-9] INFO c.s.h.c.LoggerAspect - LoggerAspect : After class com.ssafy.happyhouse.controller.BoardController.boardDetail() 
2022-05-21 01:00:49 [http-nio-8080-exec-10] INFO c.s.h.c.LoggerAspect - LoggerAspect : Before class com.ssafy.happyhouse.controller.BoardController.boardList() 
2022-05-21 01:00:49 [http-nio-8080-exec-10] INFO c.s.h.c.LoggerAspect - LoggerAspect : Before class com.ssafy.happyhouse.service.BoardServiceImpl.boardList() 
2022-05-21 01:00:49 [http-nio-8080-exec-10] INFO c.s.h.c.LoggerAspect - LoggerAspect : Before class com.sun.proxy.$Proxy73.boardList() 
2022-05-21 01:00:49 [http-nio-8080-exec-10] INFO c.s.h.c.LoggerAspect - LoggerAspect : After class com.sun.proxy.$Proxy73.boardList() 
2022-05-21 01:00:49 [http-nio-8080-exec-10] INFO c.s.h.c.LoggerAspect - LoggerAspect : Before class com.sun.proxy.$Proxy73.boardListTotalCount() 
2022-05-21 01:00:49 [http-nio-8080-exec-10] INFO c.s.h.c.LoggerAspect - LoggerAspect : After class com.sun.proxy.$Proxy73.boardListTotalCount() 
2022-05-21 01:00:49 [http-nio-8080-exec-10] INFO c.s.h.c.LoggerAspect - LoggerAspect : After class com.ssafy.happyhouse.service.BoardServiceImpl.boardList() 
2022-05-21 01:00:49 [http-nio-8080-exec-10] INFO c.s.h.c.LoggerAspect - LoggerAspect : After class com.ssafy.happyhouse.controller.BoardController.boardList() 
2022-05-21 01:00:50 [http-nio-8080-exec-1] INFO c.s.h.c.LoggerAspect - LoggerAspect : Before class com.ssafy.happyhouse.controller.BoardController.boardDetail() 
2022-05-21 01:00:50 [http-nio-8080-exec-1] INFO c.s.h.c.LoggerAspect - LoggerAspect : Before class com.ssafy.happyhouse.service.BoardServiceImpl.boardDetail() 
2022-05-21 01:00:50 [http-nio-8080-exec-1] INFO c.s.h.c.LoggerAspect - LoggerAspect : Before class com.sun.proxy.$Proxy73.boardDetail() 
2022-05-21 01:00:50 [http-nio-8080-exec-1] INFO c.s.h.c.LoggerAspect - LoggerAspect : After class com.sun.proxy.$Proxy73.boardDetail() 
2022-05-21 01:00:50 [http-nio-8080-exec-1] INFO c.s.h.c.LoggerAspect - LoggerAspect : Before class com.sun.proxy.$Proxy73.boardDetailFileList() 
2022-05-21 01:00:50 [http-nio-8080-exec-1] INFO c.s.h.c.LoggerAspect - LoggerAspect : After class com.sun.proxy.$Proxy73.boardDetailFileList() 
2022-05-21 01:00:50 [http-nio-8080-exec-1] INFO c.s.h.c.LoggerAspect - LoggerAspect : After class com.ssafy.happyhouse.service.BoardServiceImpl.boardDetail() 
2022-05-21 01:00:50 [http-nio-8080-exec-1] INFO c.s.h.c.LoggerAspect - LoggerAspect : After class com.ssafy.happyhouse.controller.BoardController.boardDetail() 
2022-05-21 01:00:50 [http-nio-8080-exec-2] INFO c.s.h.c.LoggerAspect - LoggerAspect : Before class com.ssafy.happyhouse.controller.BoardController.boardList() 
2022-05-21 01:00:50 [http-nio-8080-exec-2] INFO c.s.h.c.LoggerAspect - LoggerAspect : Before class com.ssafy.happyhouse.service.BoardServiceImpl.boardList() 
2022-05-21 01:00:50 [http-nio-8080-exec-2] INFO c.s.h.c.LoggerAspect - LoggerAspect : Before class com.sun.proxy.$Proxy73.boardList() 
2022-05-21 01:00:50 [http-nio-8080-exec-2] INFO c.s.h.c.LoggerAspect - LoggerAspect : After class com.sun.proxy.$Proxy73.boardList() 
2022-05-21 01:00:50 [http-nio-8080-exec-2] INFO c.s.h.c.LoggerAspect - LoggerAspect : Before class com.sun.proxy.$Proxy73.boardListTotalCount() 
2022-05-21 01:00:50 [http-nio-8080-exec-2] INFO c.s.h.c.LoggerAspect - LoggerAspect : After class com.sun.proxy.$Proxy73.boardListTotalCount() 
2022-05-21 01:00:50 [http-nio-8080-exec-2] INFO c.s.h.c.LoggerAspect - LoggerAspect : After class com.ssafy.happyhouse.service.BoardServiceImpl.boardList() 
2022-05-21 01:00:50 [http-nio-8080-exec-2] INFO c.s.h.c.LoggerAspect - LoggerAspect : After class com.ssafy.happyhouse.controller.BoardController.boardList() 
2022-05-21 01:01:03 [http-nio-8080-exec-4] INFO c.s.h.c.LoggerAspect - LoggerAspect : Before class com.ssafy.happyhouse.controller.LoginController.login() 
2022-05-21 01:01:03 [http-nio-8080-exec-4] INFO c.s.h.c.LoggerAspect - LoggerAspect : Before class com.ssafy.happyhouse.service.LoginServiceImpl.login() 
2022-05-21 01:01:03 [http-nio-8080-exec-4] INFO c.s.h.c.LoggerAspect - LoggerAspect : Before class com.sun.proxy.$Proxy79.login() 
2022-05-21 01:01:03 [http-nio-8080-exec-4] INFO c.s.h.c.LoggerAspect - LoggerAspect : After class com.sun.proxy.$Proxy79.login() 
2022-05-21 01:01:03 [http-nio-8080-exec-4] INFO c.s.h.c.LoggerAspect - LoggerAspect : After class com.ssafy.happyhouse.service.LoginServiceImpl.login() 
2022-05-21 01:01:03 [http-nio-8080-exec-4] INFO c.s.h.c.LoggerAspect - LoggerAspect : After class com.ssafy.happyhouse.controller.LoginController.login() 
2022-05-21 01:01:06 [http-nio-8080-exec-5] INFO c.s.h.c.LoggerAspect - LoggerAspect : Before class com.ssafy.happyhouse.controller.BoardController.boardList() 
2022-05-21 01:01:06 [http-nio-8080-exec-5] INFO c.s.h.c.LoggerAspect - LoggerAspect : Before class com.ssafy.happyhouse.service.BoardServiceImpl.boardList() 
2022-05-21 01:01:06 [http-nio-8080-exec-5] INFO c.s.h.c.LoggerAspect - LoggerAspect : Before class com.sun.proxy.$Proxy73.boardList() 
2022-05-21 01:01:06 [http-nio-8080-exec-5] INFO c.s.h.c.LoggerAspect - LoggerAspect : After class com.sun.proxy.$Proxy73.boardList() 
2022-05-21 01:01:06 [http-nio-8080-exec-5] INFO c.s.h.c.LoggerAspect - LoggerAspect : Before class com.sun.proxy.$Proxy73.boardListTotalCount() 
2022-05-21 01:01:06 [http-nio-8080-exec-5] INFO c.s.h.c.LoggerAspect - LoggerAspect : After class com.sun.proxy.$Proxy73.boardListTotalCount() 
2022-05-21 01:01:06 [http-nio-8080-exec-5] INFO c.s.h.c.LoggerAspect - LoggerAspect : After class com.ssafy.happyhouse.service.BoardServiceImpl.boardList() 
2022-05-21 01:01:06 [http-nio-8080-exec-5] INFO c.s.h.c.LoggerAspect - LoggerAspect : After class com.ssafy.happyhouse.controller.BoardController.boardList() 
2022-05-21 01:01:06 [http-nio-8080-exec-6] INFO c.s.h.c.LoggerAspect - LoggerAspect : Before class com.ssafy.happyhouse.controller.BoardController.boardList() 
2022-05-21 01:01:06 [http-nio-8080-exec-6] INFO c.s.h.c.LoggerAspect - LoggerAspect : Before class com.ssafy.happyhouse.service.BoardServiceImpl.boardList() 
2022-05-21 01:01:06 [http-nio-8080-exec-6] INFO c.s.h.c.LoggerAspect - LoggerAspect : Before class com.sun.proxy.$Proxy73.boardList() 
2022-05-21 01:01:06 [http-nio-8080-exec-6] INFO c.s.h.c.LoggerAspect - LoggerAspect : After class com.sun.proxy.$Proxy73.boardList() 
2022-05-21 01:01:06 [http-nio-8080-exec-6] INFO c.s.h.c.LoggerAspect - LoggerAspect : Before class com.sun.proxy.$Proxy73.boardListTotalCount() 
2022-05-21 01:01:06 [http-nio-8080-exec-6] INFO c.s.h.c.LoggerAspect - LoggerAspect : After class com.sun.proxy.$Proxy73.boardListTotalCount() 
2022-05-21 01:01:06 [http-nio-8080-exec-6] INFO c.s.h.c.LoggerAspect - LoggerAspect : After class com.ssafy.happyhouse.service.BoardServiceImpl.boardList() 
2022-05-21 01:01:06 [http-nio-8080-exec-6] INFO c.s.h.c.LoggerAspect - LoggerAspect : After class com.ssafy.happyhouse.controller.BoardController.boardList() 
2022-05-21 01:01:10 [http-nio-8080-exec-7] INFO c.s.h.c.LoggerAspect - LoggerAspect : Before class com.ssafy.happyhouse.controller.BoardController.boardDetail() 
2022-05-21 01:01:10 [http-nio-8080-exec-7] INFO c.s.h.c.LoggerAspect - LoggerAspect : Before class com.ssafy.happyhouse.service.BoardServiceImpl.boardDetail() 
2022-05-21 01:01:10 [http-nio-8080-exec-7] INFO c.s.h.c.LoggerAspect - LoggerAspect : Before class com.sun.proxy.$Proxy73.boardUserReadCount() 
2022-05-21 01:01:10 [http-nio-8080-exec-7] INFO c.s.h.c.LoggerAspect - LoggerAspect : After class com.sun.proxy.$Proxy73.boardUserReadCount() 
2022-05-21 01:01:10 [http-nio-8080-exec-7] INFO c.s.h.c.LoggerAspect - LoggerAspect : Before class com.sun.proxy.$Proxy73.boardDetail() 
2022-05-21 01:01:10 [http-nio-8080-exec-7] INFO c.s.h.c.LoggerAspect - LoggerAspect : After class com.sun.proxy.$Proxy73.boardDetail() 
2022-05-21 01:01:10 [http-nio-8080-exec-7] INFO c.s.h.c.LoggerAspect - LoggerAspect : Before class com.sun.proxy.$Proxy73.boardDetailFileList() 
2022-05-21 01:01:10 [http-nio-8080-exec-7] INFO c.s.h.c.LoggerAspect - LoggerAspect : After class com.sun.proxy.$Proxy73.boardDetailFileList() 
2022-05-21 01:01:10 [http-nio-8080-exec-7] INFO c.s.h.c.LoggerAspect - LoggerAspect : After class com.ssafy.happyhouse.service.BoardServiceImpl.boardDetail() 
2022-05-21 01:01:10 [http-nio-8080-exec-7] INFO c.s.h.c.LoggerAspect - LoggerAspect : After class com.ssafy.happyhouse.controller.BoardController.boardDetail() 
2022-05-21 01:01:10 [http-nio-8080-exec-8] INFO c.s.h.c.LoggerAspect - LoggerAspect : Before class com.ssafy.happyhouse.controller.BoardController.boardList() 
2022-05-21 01:01:10 [http-nio-8080-exec-8] INFO c.s.h.c.LoggerAspect - LoggerAspect : Before class com.ssafy.happyhouse.service.BoardServiceImpl.boardList() 
2022-05-21 01:01:10 [http-nio-8080-exec-8] INFO c.s.h.c.LoggerAspect - LoggerAspect : Before class com.sun.proxy.$Proxy73.boardList() 
2022-05-21 01:01:10 [http-nio-8080-exec-8] INFO c.s.h.c.LoggerAspect - LoggerAspect : After class com.sun.proxy.$Proxy73.boardList() 
2022-05-21 01:01:10 [http-nio-8080-exec-8] INFO c.s.h.c.LoggerAspect - LoggerAspect : Before class com.sun.proxy.$Proxy73.boardListTotalCount() 
2022-05-21 01:01:10 [http-nio-8080-exec-8] INFO c.s.h.c.LoggerAspect - LoggerAspect : After class com.sun.proxy.$Proxy73.boardListTotalCount() 
2022-05-21 01:01:10 [http-nio-8080-exec-8] INFO c.s.h.c.LoggerAspect - LoggerAspect : After class com.ssafy.happyhouse.service.BoardServiceImpl.boardList() 
2022-05-21 01:01:10 [http-nio-8080-exec-8] INFO c.s.h.c.LoggerAspect - LoggerAspect : After class com.ssafy.happyhouse.controller.BoardController.boardList() 
2022-05-21 01:01:15 [http-nio-8080-exec-9] WARN o.s.v.DataBinder - Skipping URI variable 'boardId' because request contains bind value with same name. 
2022-05-21 01:01:15 [http-nio-8080-exec-9] INFO c.s.h.c.LoggerAspect - LoggerAspect : Before class com.ssafy.happyhouse.controller.BoardController.boardUpdate() 
2022-05-21 01:01:15 [http-nio-8080-exec-9] INFO c.s.h.c.LoggerAspect - LoggerAspect : Before class com.ssafy.happyhouse.service.BoardServiceImpl.boardUpdate() 
2022-05-21 01:01:15 [http-nio-8080-exec-9] INFO c.s.h.c.LoggerAspect - LoggerAspect : Before class com.sun.proxy.$Proxy73.boardUpdate() 
2022-05-21 01:01:15 [http-nio-8080-exec-9] INFO c.s.h.c.LoggerAspect - LoggerAspect : After class com.sun.proxy.$Proxy73.boardUpdate() 
2022-05-21 01:01:15 [http-nio-8080-exec-9] INFO c.s.h.c.LoggerAspect - LoggerAspect : Before class com.sun.proxy.$Proxy73.boardFileUrlDeleteList() 
2022-05-21 01:01:15 [http-nio-8080-exec-9] INFO c.s.h.c.LoggerAspect - LoggerAspect : After class com.sun.proxy.$Proxy73.boardFileUrlDeleteList() 
2022-05-21 01:01:15 [http-nio-8080-exec-9] INFO c.s.h.c.LoggerAspect - LoggerAspect : Before class com.sun.proxy.$Proxy73.boardFileDelete() 
2022-05-21 01:01:15 [http-nio-8080-exec-9] INFO c.s.h.c.LoggerAspect - LoggerAspect : After class com.sun.proxy.$Proxy73.boardFileDelete() 
2022-05-21 01:01:15 [http-nio-8080-exec-9] INFO c.s.h.c.LoggerAspect - LoggerAspect : After class com.ssafy.happyhouse.service.BoardServiceImpl.boardUpdate() 
2022-05-21 01:01:15 [http-nio-8080-exec-9] INFO c.s.h.c.LoggerAspect - LoggerAspect : After class com.ssafy.happyhouse.controller.BoardController.boardUpdate() 
2022-05-21 01:01:15 [http-nio-8080-exec-10] INFO c.s.h.c.LoggerAspect - LoggerAspect : Before class com.ssafy.happyhouse.controller.BoardController.boardList() 
2022-05-21 01:01:15 [http-nio-8080-exec-10] INFO c.s.h.c.LoggerAspect - LoggerAspect : Before class com.ssafy.happyhouse.service.BoardServiceImpl.boardList() 
2022-05-21 01:01:15 [http-nio-8080-exec-10] INFO c.s.h.c.LoggerAspect - LoggerAspect : Before class com.sun.proxy.$Proxy73.boardList() 
2022-05-21 01:01:15 [http-nio-8080-exec-10] INFO c.s.h.c.LoggerAspect - LoggerAspect : After class com.sun.proxy.$Proxy73.boardList() 
2022-05-21 01:01:15 [http-nio-8080-exec-10] INFO c.s.h.c.LoggerAspect - LoggerAspect : Before class com.sun.proxy.$Proxy73.boardListTotalCount() 
2022-05-21 01:01:15 [http-nio-8080-exec-10] INFO c.s.h.c.LoggerAspect - LoggerAspect : After class com.sun.proxy.$Proxy73.boardListTotalCount() 
2022-05-21 01:01:15 [http-nio-8080-exec-10] INFO c.s.h.c.LoggerAspect - LoggerAspect : After class com.ssafy.happyhouse.service.BoardServiceImpl.boardList() 
2022-05-21 01:01:15 [http-nio-8080-exec-10] INFO c.s.h.c.LoggerAspect - LoggerAspect : After class com.ssafy.happyhouse.controller.BoardController.boardList() 
2022-05-21 01:01:16 [http-nio-8080-exec-1] INFO c.s.h.c.LoggerAspect - LoggerAspect : Before class com.ssafy.happyhouse.controller.BoardController.boardDetail() 
2022-05-21 01:01:16 [http-nio-8080-exec-1] INFO c.s.h.c.LoggerAspect - LoggerAspect : Before class com.ssafy.happyhouse.service.BoardServiceImpl.boardDetail() 
2022-05-21 01:01:16 [http-nio-8080-exec-1] INFO c.s.h.c.LoggerAspect - LoggerAspect : Before class com.sun.proxy.$Proxy73.boardUserReadCount() 
2022-05-21 01:01:16 [http-nio-8080-exec-1] INFO c.s.h.c.LoggerAspect - LoggerAspect : After class com.sun.proxy.$Proxy73.boardUserReadCount() 
2022-05-21 01:01:16 [http-nio-8080-exec-1] INFO c.s.h.c.LoggerAspect - LoggerAspect : Before class com.sun.proxy.$Proxy73.boardDetail() 
2022-05-21 01:01:16 [http-nio-8080-exec-1] INFO c.s.h.c.LoggerAspect - LoggerAspect : After class com.sun.proxy.$Proxy73.boardDetail() 
2022-05-21 01:01:16 [http-nio-8080-exec-1] INFO c.s.h.c.LoggerAspect - LoggerAspect : Before class com.sun.proxy.$Proxy73.boardDetailFileList() 
2022-05-21 01:01:16 [http-nio-8080-exec-1] INFO c.s.h.c.LoggerAspect - LoggerAspect : After class com.sun.proxy.$Proxy73.boardDetailFileList() 
2022-05-21 01:01:16 [http-nio-8080-exec-1] INFO c.s.h.c.LoggerAspect - LoggerAspect : After class com.ssafy.happyhouse.service.BoardServiceImpl.boardDetail() 
2022-05-21 01:01:16 [http-nio-8080-exec-1] INFO c.s.h.c.LoggerAspect - LoggerAspect : After class com.ssafy.happyhouse.controller.BoardController.boardDetail() 
2022-05-21 01:01:16 [http-nio-8080-exec-2] INFO c.s.h.c.LoggerAspect - LoggerAspect : Before class com.ssafy.happyhouse.controller.BoardController.boardList() 
2022-05-21 01:01:16 [http-nio-8080-exec-2] INFO c.s.h.c.LoggerAspect - LoggerAspect : Before class com.ssafy.happyhouse.service.BoardServiceImpl.boardList() 
2022-05-21 01:01:16 [http-nio-8080-exec-2] INFO c.s.h.c.LoggerAspect - LoggerAspect : Before class com.sun.proxy.$Proxy73.boardList() 
2022-05-21 01:01:16 [http-nio-8080-exec-2] INFO c.s.h.c.LoggerAspect - LoggerAspect : After class com.sun.proxy.$Proxy73.boardList() 
2022-05-21 01:01:16 [http-nio-8080-exec-2] INFO c.s.h.c.LoggerAspect - LoggerAspect : Before class com.sun.proxy.$Proxy73.boardListTotalCount() 
2022-05-21 01:01:16 [http-nio-8080-exec-2] INFO c.s.h.c.LoggerAspect - LoggerAspect : After class com.sun.proxy.$Proxy73.boardListTotalCount() 
2022-05-21 01:01:16 [http-nio-8080-exec-2] INFO c.s.h.c.LoggerAspect - LoggerAspect : After class com.ssafy.happyhouse.service.BoardServiceImpl.boardList() 
2022-05-21 01:01:16 [http-nio-8080-exec-2] INFO c.s.h.c.LoggerAspect - LoggerAspect : After class com.ssafy.happyhouse.controller.BoardController.boardList() 
2022-05-21 01:01:23 [http-nio-8080-exec-3] WARN o.s.v.DataBinder - Skipping URI variable 'boardId' because request contains bind value with same name. 
2022-05-21 01:01:23 [http-nio-8080-exec-3] INFO c.s.h.c.LoggerAspect - LoggerAspect : Before class com.ssafy.happyhouse.controller.BoardController.boardUpdate() 
2022-05-21 01:01:23 [http-nio-8080-exec-3] INFO c.s.h.c.LoggerAspect - LoggerAspect : Before class com.ssafy.happyhouse.service.BoardServiceImpl.boardUpdate() 
2022-05-21 01:01:23 [http-nio-8080-exec-3] INFO c.s.h.c.LoggerAspect - LoggerAspect : Before class com.sun.proxy.$Proxy73.boardUpdate() 
2022-05-21 01:01:23 [http-nio-8080-exec-3] INFO c.s.h.c.LoggerAspect - LoggerAspect : After class com.sun.proxy.$Proxy73.boardUpdate() 
2022-05-21 01:01:23 [http-nio-8080-exec-3] INFO c.s.h.c.LoggerAspect - LoggerAspect : Before class com.sun.proxy.$Proxy73.boardFileUrlDeleteList() 
2022-05-21 01:01:23 [http-nio-8080-exec-3] INFO c.s.h.c.LoggerAspect - LoggerAspect : After class com.sun.proxy.$Proxy73.boardFileUrlDeleteList() 
2022-05-21 01:01:23 [http-nio-8080-exec-3] INFO c.s.h.c.LoggerAspect - LoggerAspect : Before class com.sun.proxy.$Proxy73.boardFileDelete() 
2022-05-21 01:01:23 [http-nio-8080-exec-3] INFO c.s.h.c.LoggerAspect - LoggerAspect : After class com.sun.proxy.$Proxy73.boardFileDelete() 
2022-05-21 01:01:23 [http-nio-8080-exec-3] INFO c.s.h.c.LoggerAspect - LoggerAspect : After class com.ssafy.happyhouse.service.BoardServiceImpl.boardUpdate() 
2022-05-21 01:01:23 [http-nio-8080-exec-3] INFO c.s.h.c.LoggerAspect - LoggerAspect : After class com.ssafy.happyhouse.controller.BoardController.boardUpdate() 
2022-05-21 01:01:38 [http-nio-8080-exec-5] INFO c.s.h.c.LoggerAspect - LoggerAspect : Before class com.ssafy.happyhouse.controller.BoardController.boardDetail() 
2022-05-21 01:01:38 [http-nio-8080-exec-5] INFO c.s.h.c.LoggerAspect - LoggerAspect : Before class com.ssafy.happyhouse.service.BoardServiceImpl.boardDetail() 
2022-05-21 01:01:38 [http-nio-8080-exec-5] INFO c.s.h.c.LoggerAspect - LoggerAspect : Before class com.sun.proxy.$Proxy73.boardUserReadCount() 
2022-05-21 01:01:38 [http-nio-8080-exec-5] INFO c.s.h.c.LoggerAspect - LoggerAspect : After class com.sun.proxy.$Proxy73.boardUserReadCount() 
2022-05-21 01:01:38 [http-nio-8080-exec-5] INFO c.s.h.c.LoggerAspect - LoggerAspect : Before class com.sun.proxy.$Proxy73.boardDetail() 
2022-05-21 01:01:38 [http-nio-8080-exec-5] INFO c.s.h.c.LoggerAspect - LoggerAspect : After class com.sun.proxy.$Proxy73.boardDetail() 
2022-05-21 01:01:38 [http-nio-8080-exec-5] INFO c.s.h.c.LoggerAspect - LoggerAspect : Before class com.sun.proxy.$Proxy73.boardDetailFileList() 
2022-05-21 01:01:38 [http-nio-8080-exec-5] INFO c.s.h.c.LoggerAspect - LoggerAspect : After class com.sun.proxy.$Proxy73.boardDetailFileList() 
2022-05-21 01:01:38 [http-nio-8080-exec-5] INFO c.s.h.c.LoggerAspect - LoggerAspect : After class com.ssafy.happyhouse.service.BoardServiceImpl.boardDetail() 
2022-05-21 01:01:38 [http-nio-8080-exec-5] INFO c.s.h.c.LoggerAspect - LoggerAspect : After class com.ssafy.happyhouse.controller.BoardController.boardDetail() 
2022-05-21 01:01:38 [http-nio-8080-exec-6] INFO c.s.h.c.LoggerAspect - LoggerAspect : Before class com.ssafy.happyhouse.controller.BoardController.boardList() 
2022-05-21 01:01:38 [http-nio-8080-exec-6] INFO c.s.h.c.LoggerAspect - LoggerAspect : Before class com.ssafy.happyhouse.service.BoardServiceImpl.boardList() 
2022-05-21 01:01:38 [http-nio-8080-exec-6] INFO c.s.h.c.LoggerAspect - LoggerAspect : Before class com.sun.proxy.$Proxy73.boardList() 
2022-05-21 01:01:38 [http-nio-8080-exec-6] INFO c.s.h.c.LoggerAspect - LoggerAspect : After class com.sun.proxy.$Proxy73.boardList() 
2022-05-21 01:01:38 [http-nio-8080-exec-6] INFO c.s.h.c.LoggerAspect - LoggerAspect : Before class com.sun.proxy.$Proxy73.boardListTotalCount() 
2022-05-21 01:01:38 [http-nio-8080-exec-6] INFO c.s.h.c.LoggerAspect - LoggerAspect : After class com.sun.proxy.$Proxy73.boardListTotalCount() 
2022-05-21 01:01:38 [http-nio-8080-exec-6] INFO c.s.h.c.LoggerAspect - LoggerAspect : After class com.ssafy.happyhouse.service.BoardServiceImpl.boardList() 
2022-05-21 01:01:38 [http-nio-8080-exec-6] INFO c.s.h.c.LoggerAspect - LoggerAspect : After class com.ssafy.happyhouse.controller.BoardController.boardList() 
2022-05-21 01:02:25 [http-nio-8080-exec-8] INFO c.s.h.c.LoggerAspect - LoggerAspect : Before class com.ssafy.happyhouse.controller.NoticeController.noticeList() 
2022-05-21 01:02:25 [http-nio-8080-exec-8] INFO c.s.h.c.LoggerAspect - LoggerAspect : Before class com.ssafy.happyhouse.service.NoticeServiceImpl.noticeList() 
2022-05-21 01:02:25 [http-nio-8080-exec-8] INFO c.s.h.c.LoggerAspect - LoggerAspect : Before class com.sun.proxy.$Proxy83.noticeList() 
2022-05-21 01:02:25 [http-nio-8080-exec-8] INFO c.s.h.c.LoggerAspect - LoggerAspect : After class com.sun.proxy.$Proxy83.noticeList() 
2022-05-21 01:02:25 [http-nio-8080-exec-8] INFO c.s.h.c.LoggerAspect - LoggerAspect : Before class com.sun.proxy.$Proxy83.noticeListTotalCount() 
2022-05-21 01:02:25 [http-nio-8080-exec-8] INFO c.s.h.c.LoggerAspect - LoggerAspect : After class com.sun.proxy.$Proxy83.noticeListTotalCount() 
2022-05-21 01:02:25 [http-nio-8080-exec-8] INFO c.s.h.c.LoggerAspect - LoggerAspect : After class com.ssafy.happyhouse.service.NoticeServiceImpl.noticeList() 
2022-05-21 01:02:25 [http-nio-8080-exec-8] INFO c.s.h.c.LoggerAspect - LoggerAspect : After class com.ssafy.happyhouse.controller.NoticeController.noticeList() 
2022-05-21 01:02:25 [http-nio-8080-exec-9] INFO c.s.h.c.LoggerAspect - LoggerAspect : Before class com.ssafy.happyhouse.controller.NoticeController.noticeList() 
2022-05-21 01:02:25 [http-nio-8080-exec-9] INFO c.s.h.c.LoggerAspect - LoggerAspect : Before class com.ssafy.happyhouse.service.NoticeServiceImpl.noticeList() 
2022-05-21 01:02:25 [http-nio-8080-exec-9] INFO c.s.h.c.LoggerAspect - LoggerAspect : Before class com.sun.proxy.$Proxy83.noticeList() 
2022-05-21 01:02:25 [http-nio-8080-exec-9] INFO c.s.h.c.LoggerAspect - LoggerAspect : After class com.sun.proxy.$Proxy83.noticeList() 
2022-05-21 01:02:25 [http-nio-8080-exec-9] INFO c.s.h.c.LoggerAspect - LoggerAspect : Before class com.sun.proxy.$Proxy83.noticeListTotalCount() 
2022-05-21 01:02:25 [http-nio-8080-exec-9] INFO c.s.h.c.LoggerAspect - LoggerAspect : After class com.sun.proxy.$Proxy83.noticeListTotalCount() 
2022-05-21 01:02:25 [http-nio-8080-exec-9] INFO c.s.h.c.LoggerAspect - LoggerAspect : After class com.ssafy.happyhouse.service.NoticeServiceImpl.noticeList() 
2022-05-21 01:02:25 [http-nio-8080-exec-9] INFO c.s.h.c.LoggerAspect - LoggerAspect : After class com.ssafy.happyhouse.controller.NoticeController.noticeList() 
2022-05-21 01:02:44 [RMI TCP Connection(11)-127.0.0.1] INFO o.s.b.a.SpringApplicationAdminMXBeanRegistrar$SpringApplicationAdmin - Application shutdown requested. 
2022-05-21 01:02:44 [RMI TCP Connection(11)-127.0.0.1] INFO c.z.h.HikariDataSource - HikariPool-1 - Shutdown initiated... 
2022-05-21 01:02:44 [RMI TCP Connection(11)-127.0.0.1] INFO c.z.h.HikariDataSource - HikariPool-1 - Shutdown completed. 
